........................................................................ [ 80%]
..................                                                       [100%]
================================ tests coverage ================================
_______________ coverage: platform darwin, python 3.13.9-final-0 _______________

Name                          Stmts   Miss  Cover   Missing
-----------------------------------------------------------
trino_adapter.py                200      9    96%   115, 121, 125-127, 130, 133, 206, 269
trino_config.py                  67      5    93%   67, 70, 86, 120-121
trino_execution_pipeline.py     150      7    95%   111, 116, 120, 287, 294, 299, 322
trino_executor.py               129      5    96%   73, 77, 115, 230, 236
-----------------------------------------------------------
TOTAL                           546     26    95%
Required test coverage of 90% reached. Total coverage: 95.24%
90 passed in 1.05s
