........................................................................ [ 92%]
......                                                                   [100%]
================================ tests coverage ================================
_______________ coverage: platform darwin, python 3.13.9-final-0 _______________

Name                          Stmts   Miss  Cover   Missing
-----------------------------------------------------------
trino_adapter.py                144      2    99%   121, 178
trino_config.py                  67      5    93%   67, 70, 86, 120-121
trino_execution_pipeline.py     150      7    95%   111, 116, 120, 287, 294, 299, 322
trino_executor.py               129      5    96%   73, 77, 115, 230, 236
-----------------------------------------------------------
TOTAL                           490     19    96%
Required test coverage of 90% reached. Total coverage: 96.12%
78 passed in 1.00s
