......                                                                   [100%]
=============================== warnings summary ===============================
../../venv/lib/python3.13/site-packages/fastapi/testclient.py:1
  /Users/jacbeekers/gitrepos/dq-rulebuilder/venv/lib/python3.13/site-packages/fastapi/testclient.py:1: StarletteDeprecationWarning: Using `httpx` with `starlette.testclient` is deprecated; install `httpx2` instead.
    from starlette.testclient import TestClient as TestClient  # noqa

../../venv/lib/python3.13/site-packages/reportlab/lib/rl_safe_eval.py:12
  /Users/jacbeekers/gitrepos/dq-rulebuilder/venv/lib/python3.13/site-packages/reportlab/lib/rl_safe_eval.py:12: DeprecationWarning: ast.NameConstant is deprecated and will be removed in Python 3.14; use ast.Constant instead
    haveNameConstant = hasattr(ast,'NameConstant')

-- Docs: https://docs.pytest.org/en/stable/how-to/capture-warnings.html
================================ tests coverage ================================
______________ coverage: platform darwin, python 3.13.13-final-0 _______________

Name                                                                                            Stmts   Miss Branch BrPart  Cover   Missing
-------------------------------------------------------------------------------------------------------------------------------------------
app/__init__.py                                                                                     0      0      0      0   100%
app/airflow_operator.py                                                                           131    131     28      0     0%   1-275
app/airflow_sdk.py                                                                                202    202     66      0     0%   1-352
app/api/__init__.py                                                                                 0      0      0      0   100%
app/api/presenters/__init__.py                                                                      7      0      0      0   100%
app/api/presenters/admin.py                                                                        39     29     14      0    19%   12-17, 21-28, 39-73, 77-84
app/api/presenters/approvals.py                                                                    95     77     48      0    13%   33-38, 45-54, 58-78, 88-90, 97-101, 105-122, 126-133, 152-172
app/api/presenters/auth.py                                                                         45     29     12      0    28%   23-31, 35-50, 58-64
app/api/presenters/catalog_governance.py                                                          321    267    130      0    12%   104-110, 114-115, 119-134, 138, 142, 146-154, 158-171, 181-208, 212, 221, 238, 257-288, 300, 314, 330, 349-355, 371, 390-430, 434-437, 450-458, 474, 497-559, 563-572, 586-597, 601-607, 622, 645-704, 708-717, 750-755, 765, 779-795, 829-836, 840-844, 859-931, 961, 972-992
app/api/presenters/data_catalog.py                                                                173    158     80      0     6%   14-20, 34-41, 52-99, 107-139, 143-144, 158-193, 210-413, 427-513
app/api/presenters/data_contracts.py                                                               37     25     12      0    24%   11, 15, 23-32, 40-44, 48-51, 55-60, 64-71
app/api/presenters/exception_reports.py                                                            43     35     16      0    14%   10, 14-89, 93-133
app/api/presenters/gx.py                                                                          144     97     62      0    23%   48-62, 66-70, 74-78, 82-90, 94-108, 112-126, 130-142, 146-155, 159, 163, 167, 171-191, 195, 206, 215
app/api/presenters/notifications.py                                                                25     11      6      0    45%   28-47
app/api/presenters/product_specs.py                                                                16     10      2      0    33%   12-17, 28-32, 45-58
app/api/presenters/profiling_enqueue.py                                                            39     29     18      0    18%   9-18, 22, 30-43, 47, 54-58, 62
app/api/presenters/registry_definitions.py                                                          6      2      0      0    67%   12-17
app/api/presenters/reusable_assets.py                                                              64     56     32      0     8%   15-27, 43-64, 78-94, 110-132
app/api/presenters/row_access.py                                                                   10      8      6      0    12%   5-15
app/api/presenters/suggestions.py                                                                  43     22      2      0    47%   15, 19, 23, 27-31, 35, 39, 47-48, 56-57, 65, 74, 83, 92, 96, 100, 104, 108
app/api/presenters/support.py                                                                     236    216    148      0     5%   17-26, 30-42, 50-82, 92-116, 125-148, 156-168, 176-195, 204-236, 245, 268-276, 285-319, 324-360, 378-408
app/api/presenters/system.py                                                                       19     10      4      0    39%   11-13, 17-21, 31, 50
app/api/presenters/testing.py                                                                     217    184     82      0    11%   28-35, 39-48, 54-56, 62-64, 68-81, 85-133, 141-182, 194-276, 287-293, 309-317, 328-329, 353-366, 384-408, 426-436, 453-455
app/api/presenters/validation_plan_catalog.py                                                      75     62     38      0    12%   14-21, 25-35, 39-63, 67-76, 91-104
app/api/presenters/validation_run_plans.py                                                          5      1      0      0    80%   9
app/api/presenters/validation_runs.py                                                              29     17      2      0    39%   13, 27, 47-53, 67-86, 90
app/api/presenters/workspaces.py                                                                   21     15      6      0    22%   9-16, 24-31
app/api/v1/__init__.py                                                                              0      0      0      0   100%
app/api/v1/async_status_events.py                                                                  45     30     12      0    26%   17, 21-22, 26-32, 36, 53-70, 80-83
app/api/v1/endpoints/__init__.py                                                                    0      0      0      0   100%
app/api/v1/endpoints/admin.py                                                                     203    152     62      0    19%   34, 38, 43-56, 60-66, 78-83, 95-118, 128-153, 164-193, 200-202, 210-217, 226-238, 248-264, 272-277, 285-290, 298-309, 318-330, 339-372
app/api/v1/endpoints/agent.py                                                                     458    297    126      0    28%   227-230, 241-242, 246-252, 256, 265-268, 272-334, 341-372, 376-393, 401-465, 472-473, 488-510, 514-515, 527-534, 538-539, 564-587, 601-605, 609-619, 630-635, 639-677, 686-692, 717-734, 756-796, 815-852, 873-938, 965-1082, 1120-1166, 1187-1227, 1248-1288, 1306-1348, 1368-1415
app/api/v1/endpoints/app_config.py                                                                 22     10      0      0    55%   18-20, 28-35
app/api/v1/endpoints/approvals.py                                                                 552    473    230      0    10%   59, 63, 67-68, 72-76, 80, 84-88, 92-94, 98-104, 108-113, 117-120, 130-137, 153-174, 181-183, 193-248, 258-281, 292-324, 334-359, 369-394, 404-429, 439-466, 476-500, 504, 514-603, 616-1291, 1300-1314
app/api/v1/endpoints/auth.py                                                                      485    413    102      0    12%   49, 53-54, 58-66, 70, 74-81, 85-91, 95-100, 108-119, 123-126, 130-140, 144-188, 192-209, 213-215, 224-231, 256-267, 271-283, 287-290, 294-329, 333-356, 360-361, 370-394, 402-425, 429-443, 455-513, 523-533, 541-597, 617-678, 686-743, 758-907
app/api/v1/endpoints/catalog_governance.py                                                        342    197     90      0    34%   125-131, 135-150, 154-176, 184-206, 213-214, 225-239, 249-261, 278-308, 320-324, 336-340, 352-356, 376-392, 410-419, 432-478, 491-521, 529-543, 557-593, 607-621, 629-636, 648-660, 683-697, 706-723, 734-735, 748-777, 789-797
app/api/v1/endpoints/connectors.py                                                                197     47     38     11    73%   63-64, 70, 83, 141, 144-148, 168-169, 180-181, 194-222, 233-234, 238-239, 251-252, 264-265, 303, 315, 380, 392, 410-427, 457, 469, 499-516
app/api/v1/endpoints/data_assets.py                                                               598    481    230      0    14%   61-62, 66-67, 71-72, 76-89, 93-94, 98-154, 158-182, 235, 239-267, 279-282, 286-288, 292, 296-318, 322-327, 339, 350-352, 356-371, 389-422, 436-467, 481-482, 491-592, 596-606, 621-830, 834-846, 854-873, 877, 881, 885, 889-891, 898-901, 913, 921-924, 932-936, 945-949, 957-959, 968-971, 980-984, 994-998, 1008-1019, 1038-1057, 1076-1080, 1093-1098, 1114-1181, 1195-1196, 1209-1212, 1222-1241, 1254-1268
app/api/v1/endpoints/data_catalog.py                                                              569    391    150      0    25%   128-133, 137-138, 142, 166, 181, 185-186, 190-191, 195-202, 258-280, 292-299, 303-305, 315-342, 346, 350-351, 374-405, 416-502, 544, 556, 568, 583-586, 594-597, 610-615, 631-642, 655-670, 677, 685, 696-699, 709-710, 718-721, 733-739, 749-753, 765-820, 829, 840-870, 883-942, 954-972, 982-1012, 1035-1074, 1085-1116, 1126-1179, 1193-1236, 1256-1264, 1274-1315, 1339-1385, 1402-1425, 1437-1469, 1476
app/api/v1/endpoints/data_contracts.py                                                             86     58     12      0    29%   27-37, 41-53, 57-61, 69-70, 78-93, 104-109, 117-138
app/api/v1/endpoints/data_protection.py                                                            32     16      4      0    44%   18, 35-40, 57-59, 69-74
app/api/v1/endpoints/demo_snake.py                                                                 10      1      0      0    90%   18
app/api/v1/endpoints/exception_fact_access_requests.py                                             34     19     10      0    34%   25-35, 44-76
app/api/v1/endpoints/exception_reports.py                                                         235    171     66      0    21%   48-69, 80-111, 119, 133-159, 167-175, 179-182, 195-237, 263-340, 344-350, 381-436, 477-532, 568-588, 623-644, 684-708, 746-790, 825-850, 889-934
app/api/v1/endpoints/exceptions.py                                                                228    158     58      0    24%   72, 76, 80-83, 87-88, 92-100, 104-106, 110-112, 119-133, 141-148, 152-160, 164-183, 234, 246-252, 268, 292-293, 302-304, 329-354, 375-393, 414-448, 468-486, 506-524, 545-591, 621-646
app/api/v1/endpoints/execution_monitoring.py                                                      537    334     62      0    34%   124-129, 133-139, 149-161, 172-179, 283-297, 319-345, 358, 370-389, 393, 397, 407-408, 446-523, 550-597, 666-711, 737-790, 817-917, 948-1057, 1077-1103, 1124-1151, 1163-1181, 1204-1232, 1252-1279, 1296-1321, 1339-1368, 1383-1398, 1419-1460, 1496-1529, 1569-1570, 1633-1677, 1699-1730, 1746-1792, 1808-1824, 1846-1871, 1890-1914, 1935-1980, 1999-2026, 2046-2065
app/api/v1/endpoints/gx.py                                                                        486    486     44      0     0%   1-1906
app/api/v1/endpoints/health.py                                                                     17      4      0      0    76%   13, 23, 28, 41
app/api/v1/endpoints/health_scorecards.py                                                          34      8      0      0    76%   47-79
app/api/v1/endpoints/incidents.py                                                                 633    509    200      0    15%   114-122, 126, 154-156, 160-168, 172-275, 294-303, 307, 333-335, 373-382, 389-398, 420-509, 513, 517-518, 522-528, 539-548, 552, 580-581, 613, 617-618, 622-630, 634, 638-641, 657-722, 737-832, 848-856, 873-880, 893-902, 912-999, 1012-1035, 1045-1071, 1082-1125, 1135-1172, 1182-1216, 1226-1260, 1270-1305, 1315-1344, 1353-1421, 1429-1430, 1439-1468, 1477-1506, 1517-1615
app/api/v1/endpoints/master_data.py                                                                12      4      2      0    57%   21-24
app/api/v1/endpoints/metadata_registry.py                                                         114     64     12      0    40%   37-42, 55, 65, 77, 88, 117-136, 151-172, 187-196, 214-254, 272-297, 315-332, 358-368, 393
app/api/v1/endpoints/notifications.py                                                              19      6      2      0    62%   27-38
app/api/v1/endpoints/onboarding.py                                                                111     60     16      0    40%   34-40, 123-238, 261-314, 335-406
app/api/v1/endpoints/ontology.py                                                                   54     12      0      0    78%   48, 58, 62, 87, 110-113, 128-131
app/api/v1/endpoints/product_specs.py                                                              66     35      0      0    47%   44-54, 68-72, 90-94, 112-116, 135-142, 161-165, 182-186
app/api/v1/endpoints/profiling.py                                                                  77     42      6      0    42%   34, 38-39, 53-89, 99-112, 121-129, 139-152
app/api/v1/endpoints/profiling_enqueue.py                                                         107     55      4      0    47%   64-65, 75-117, 133-165
app/api/v1/endpoints/registry_definitions.py                                                       34     17      0      0    50%   19, 35-51, 68-72, 88-96
app/api/v1/endpoints/reusable_assets.py                                                           109     45     16      0    51%   20, 71, 79-84, 92-100, 108-111, 120-133, 141, 149-154, 162-170, 178-181, 190-203
app/api/v1/endpoints/rules.py                                                                     293     50      2      0    82%   207, 276-316, 339-387, 397, 406, 414, 424, 435-440, 451-452, 471-472, 490-502, 510-515, 531, 555-563, 594, 612, 629, 645-649, 659, 672, 685-689, 697, 707, 719, 731, 743, 755, 775, 793, 812-831
app/api/v1/endpoints/run_plan.py                                                                   12      1      0      0    92%   24
app/api/v1/endpoints/service_levels.py                                                             49     16      2      0    65%   39-49, 58-64, 74-81, 92-103, 112-120
app/api/v1/endpoints/status_governance.py                                                          40      7      2      0    79%   48-56
app/api/v1/endpoints/suggestions.py                                                               343    215     70      0    31%   85-89, 133, 141, 160-162, 237-249, 257-278, 291-299, 303, 313-346, 361-403, 408-409, 420-426, 439-444, 458-690, 704-828, 835-847, 862-876, 884-895, 905-932, 942-966, 976-1003, 1010
app/api/v1/endpoints/support.py                                                                   171    114     36      0    28%   67, 77-82, 92-371
app/api/v1/endpoints/system.py                                                                     47     17      0      0    64%   23, 27, 36-39, 54, 61, 68-70, 95-98, 116-123
app/api/v1/endpoints/testing.py                                                                   178     72      0      0    60%   112-115, 124, 129, 134, 146, 153, 161, 173, 181-183, 191-194, 203-214, 224-227, 237-250, 260-264, 275-286, 298-335, 343-345, 356-371
app/api/v1/endpoints/validation_plan_catalog.py                                                    10     10      0      0     0%   1-21
app/api/v1/endpoints/validation_run_plans.py                                                       35     10      4      0    64%   36, 65-111
app/api/v1/endpoints/validation_runs.py                                                            36     18      6      0    43%   18, 22, 32-36, 51-54, 63-76
app/api/v1/endpoints/workspaces.py                                                                 36     19      6      0    40%   20-21, 30-36, 45-48, 56-62
app/api/v1/execution_browse_api.py                                                                 54     26      0      0    52%   55-81, 110-150, 178-220, 235-261
app/api/v1/gx_assistance_api.py                                                                    29     13      0      0    55%   19, 28-29, 49-58, 73-81
app/api/v1/gx_dispatch_api.py                                                                      94     55     22      0    34%   39-40, 44, 56, 72, 100-103, 111-167, 176-200, 210, 229-240, 260-287, 303-319
app/api/v1/gx_execution_api.py                                                                     52     36     18      0    23%   21-48, 56, 64-69, 77, 81, 107-119
app/api/v1/gx_report_api.py                                                                        55     34     10      0    32%   34-41, 58-79, 95-168, 184
app/api/v1/gx_run_plan_api.py                                                                      78     20      2      0    72%   55, 71, 85, 89, 98, 121, 145, 162, 177, 190-194, 205-211, 225, 253, 280, 301, 323
app/api/v1/gx_runtime_api.py                                                                      268    169     64      0    30%   53-57, 61-64, 75-76, 80, 88-91, 105-108, 112, 126, 140-144, 154, 167-170, 179-196, 200-210, 224-228, 238-248, 265-336, 353-427, 444, 467, 492, 522-540, 572-583, 587-590, 605-620, 624-639, 643-668, 672-682, 693-702, 733, 799, 836, 875-906, 946-977
app/api/v1/gx_start_api.py                                                                        107     68     24      0    30%   47-59, 63, 73, 86-90, 94-110, 118-128, 142-146, 150-153, 168-212, 239-287
app/api/v1/gx_suite_api.py                                                                         96     56     20      0    34%   42, 52-64, 68-70, 76-77, 84-92, 113-129, 143-152, 165-186, 199-208, 218-231, 243-247
app/api/v1/router.py                                                                               99      0      0      0   100%
app/api/v1/schemas/__init__.py                                                                     86      0      0      0   100%
app/api/v1/schemas/admin_view.py                                                                   41      0      0      0   100%
app/api/v1/schemas/app_config_view.py                                                              92      0      0      0   100%
app/api/v1/schemas/approvals_view.py                                                               35      0      0      0   100%
app/api/v1/schemas/auth_view.py                                                                    23      0      0      0   100%
app/api/v1/schemas/common_view.py                                                                  16      0      0      0   100%
app/api/v1/schemas/contract_view.py                                                                 7      0      0      0   100%
app/api/v1/schemas/data_asset_view.py                                                             167      0      0      0   100%
app/api/v1/schemas/data_catalog_view.py                                                           296     11     10      0    93%   304-315
app/api/v1/schemas/data_definition_task_view.py                                                    92      0      0      0   100%
app/api/v1/schemas/data_protection_view.py                                                         22      0      0      0   100%
app/api/v1/schemas/dq_result_drift_view.py                                                         33      0      0      0   100%
app/api/v1/schemas/exception_analysis_session_view.py                                              92      0      0      0   100%
app/api/v1/schemas/exception_analytics_view.py                                                     63      0      0      0   100%
app/api/v1/schemas/exception_fact_view.py                                                          78      5      0      0    94%   108-112
app/api/v1/schemas/federated_metadata_registry_view.py                                             93      0      0      0   100%
app/api/v1/schemas/governance_inbox_view.py                                                        48      0      0      0   100%
app/api/v1/schemas/gx_artifact_view.py                                                            162     17     12      0    83%   30-40, 136-143, 181-183, 211-222
app/api/v1/schemas/gx_assistance_view.py                                                           23      0      0      0   100%
app/api/v1/schemas/gx_execution_queue_view.py                                                      14      0      0      0   100%
app/api/v1/schemas/gx_execution_run_view.py                                                        99      0      0      0   100%
app/api/v1/schemas/gx_run_plan_view.py                                                            164      0      0      0   100%
app/api/v1/schemas/health_scorecard_view.py                                                       116      0      0      0   100%
app/api/v1/schemas/health_view.py                                                                  14      0      0      0   100%
app/api/v1/schemas/master_data_view.py                                                             23      0      0      0   100%
app/api/v1/schemas/natural_language_rule_drafting_view.py                                          92      0      0      0   100%
app/api/v1/schemas/notifications_view.py                                                           13      0      0      0   100%
app/api/v1/schemas/ontology_view.py                                                               138      0      0      0   100%
app/api/v1/schemas/product_spec_view.py                                                            92      0      0      0   100%
app/api/v1/schemas/registry_definition_view.py                                                     44      0      0      0   100%
app/api/v1/schemas/rule_compiler_view.py                                                          132      0      0      0   100%
app/api/v1/schemas/rule_view.py                                                                    65      8      2      0    85%   62-66, 69-71
app/api/v1/schemas/sla_slo_view.py                                                                 93      0      0      0   100%
app/api/v1/schemas/system_view.py                                                                  29      0      0      0   100%
app/api/v1/schemas/test_data_materialization_view.py                                               56      0      0      0   100%
app/api/v1/schemas/test_data_queue_view.py                                                         35      0      0      0   100%
app/api/v1/schemas/testing_view.py                                                                160      0      0      0   100%
app/api/v1/schemas/validation_plan_catalog_view.py                                                 25      0      0      0   100%
app/api/v1/schemas/validation_run_plan_view.py                                                     69      3      2      0    93%   85-87
app/api/v1/schemas/workspaces_view.py                                                              13      0      0      0   100%
app/api/v1/test_data_materialization_api.py                                                        67     25     10      0    55%   48, 63, 86, 114, 156-181, 185-192, 201-218
app/api/v1/test_data_materialization_support.py                                                   236    177     62      0    20%   13-14, 18-19, 39, 43, 47, 51, 55, 59, 70, 80, 91, 101, 105, 109, 115-127, 133-134, 149-154, 177-180, 193-208, 249-274, 283-305, 319, 361-397, 408-434, 447-465, 469-489, 493-513, 517-545, 549-570, 577, 591, 601, 610, 633, 661
app/api/v1/test_data_queue_support.py                                                             109     87     54      0    13%   18-27, 33-45, 51-52, 59-63, 67-68, 72-85, 89, 115-155, 163-194, 214-231, 249-279
app/api/v1/testing_api.py                                                                         170     69      6      0    57%   61, 65, 69, 73, 81, 85, 93, 97, 105, 119, 126, 130, 134-141, 149, 153, 157, 166, 170, 181, 200, 212, 216, 225, 240, 244, 248, 258, 271, 275, 282, 286, 290, 294, 298, 302, 306, 310-313, 317-320, 326-335, 339, 343-346, 350-353, 357-360, 367, 379, 386, 398, 412, 421, 433
app/api/v1/testing_data_requests_api.py                                                           136     72     14      0    43%   44, 48, 52-55, 70-90, 94-109, 116, 122, 126, 137, 144, 148-151, 158-165, 169-179, 183-185, 191-193, 199-201, 209-210, 218, 222-227, 231, 245, 253, 262-268, 272-277, 290, 301, 310-316, 320-325, 338
app/api/v1/testing_generated_data_api.py                                                           96     48      6      0    47%   34-41, 45-48, 52-55, 61-70, 76-79, 83, 87, 91-96, 100-103, 107-126, 135, 153, 160-162, 171, 190, 202-204, 216-218, 233-237, 246, 257, 269
app/api/v1/testing_route_support.py                                                               305    305     46      0     0%   1-851
app/api/v1/testing_workflows_api.py                                                               143     82     16      0    38%   44-67, 71-78, 82-85, 89-92, 98-107, 111-114, 118-121, 125-128, 138-140, 147-150, 154-160, 167, 180, 187-205, 209, 221, 235, 242-244, 256, 273-282, 286, 294, 301, 320-331
app/api/v1/validation_plan_catalog_api.py                                                           7      2      0      0    71%   16-22
app/api/v1/validation_run_plan_api.py                                                              82     51     24      0    29%   45-62, 66-70, 81-87, 107-253
app/application/__init__.py                                                                         0      0      0      0   100%
app/application/presenters/__init__.py                                                              2      0      0      0   100%
app/application/presenters/rules.py                                                                10      6      0      0    40%   8-14
app/application/resolvers/__init__.py                                                              10      0      0      0   100%
app/application/resolvers/admin_resolver.py                                                        15      5      0      0    67%   10, 14, 18, 22, 40
app/application/resolvers/app_config_resolver.py                                                    9      5      4      0    31%   7-11
app/application/resolvers/approvals_resolver.py                                                    10      3      0      0    70%   9, 13, 17
app/application/resolvers/auth_resolver.py                                                          3      1      0      0    67%   5
app/application/resolvers/data_catalog_resolver.py                                                 32     14      0      0    56%   42, 46, 50, 54, 58, 62, 68, 72, 76, 80, 84, 88, 92, 96
app/application/resolvers/rule_resolver.py                                                          7      2      0      0    71%   9-32
app/application/resolvers/testing_resolver.py                                                      46     31     16      0    24%   24-32, 36-44, 48-52, 56, 60, 64, 68, 72, 76, 80, 84
app/application/resolvers/utility_resolver.py                                                       8      3      0      0    62%   6, 10, 14
app/application/resolvers/workspaces_resolver.py                                                    7      2      0      0    71%   8, 12
app/application/services/__init__.py                                                               74      0      0      0   100%
app/application/services/azure_adls_connector.py                                                  173    137     70      0    15%   30-31, 34-38, 41-42, 45-124, 127-139, 142-153, 165-167, 170-253, 256-264, 267-273, 276-282, 285-287, 296-313, 316, 319-322, 325-326, 329-330
app/application/services/business_term_guideline_validator.py                                      27     22     18      0    11%   10-11, 18-55
app/application/services/check_type_expression_generator.py                                       400    369    208      0     5%   26-33, 37-39, 43-50, 54-58, 62-72, 76-79, 83-94, 98-107, 115-134, 160-196, 203-210, 214-231, 235-254, 258-266, 270-278, 282-286, 290-302, 306-314, 318-327, 331-336, 340-353, 357-373, 377-396, 400-458, 464-496, 500-574, 625-634
app/application/services/conflict_detection.py                                                     60     52     30      0     9%   39-48, 59-81, 98-154
app/application/services/data_contract_governance.py                                              154    138     82      0     7%   34, 38-39, 43-50, 54-57, 61-68, 72-80, 84-95, 125-128, 153-155, 159-250, 265-313, 320-393
app/application/services/data_contract_resolver.py                                                280    233     96      0    12%   33-34, 69-87, 90-138, 147, 160-185, 188-189, 192-194, 197-214, 217-225, 228-251, 254-267, 272-277, 280-318, 321-346, 349-357, 360-369, 372-384, 387-413, 423-435, 438-447, 450-455, 458-471, 474-483, 486-497
app/application/services/data_definition_task_service.py                                          362    324    184      0     7%   23-24, 28, 32-34, 38-53, 62-90, 98-192, 210-243, 247-251, 255-259, 263-276, 280-288, 292-303, 307, 311-314, 318-325, 329-335, 339-345, 349-351, 355-381, 388-402, 406-418, 422-438, 442-463, 467-475, 479-555, 559-573
app/application/services/data_delivery_resolver.py                                                 45     32     16      0    21%   12-14, 19, 22-23, 27-29, 37-83
app/application/services/delivery_inventory.py                                                      9      2      0      0    78%   11, 14
app/application/services/delivery_linked_execution_orchestrator.py                                180    129     60      0    21%   47-52, 60, 64-71, 75-111, 122-125, 134-141, 145-158, 162-186, 194-211, 223-240, 243-300, 311-423
app/application/services/delivery_linked_execution_request_resolver.py                            229    179     92      0    16%   22-24, 35-37, 41, 45-47, 50-51, 55-59, 63-67, 71-78, 82, 90, 102-105, 115-144, 152-160, 178-182, 189-218, 226-269, 278-283, 292-301, 309-397, 409-440, 453-495
app/application/services/delivery_storage.py                                                       63     50     24      0    15%   16, 20-45, 49-87, 97-118, 128-129
app/application/services/domain_ontology.py                                                        32     15      0      0    53%   21, 34, 48-314, 416-472
app/application/services/exception_analysis_session_service.py                                    349    291    104      0    13%   49-51, 72-99, 113-121, 135-168, 171-181, 185-199, 211-218, 231-235, 238-260, 270-277, 284-291, 298-302, 305-395, 410-470, 489, 506, 521-535, 538-540, 544-547, 551-559, 575-597, 621-624, 627-630, 637, 666-667, 683-703, 726-864, 881-887, 891-895
app/application/services/exception_backfill.py                                                    158    130     62      0    13%   26, 30-32, 36-45, 49-52, 56-57, 61-72, 81-127, 131-185, 195-219, 223-282, 288-298, 302
app/application/services/exception_fact_collection.py                                             167    140     64      0    12%   22-29, 33-38, 42-50, 54-73, 77, 81-175, 179-193, 206-212, 216-241, 249-273, 277-394, 405-427
app/application/services/exception_fact_validation.py                                              19      7      2      0    57%   16-19, 37-40
app/application/services/exception_reason_analytics_projection.py                                 147    130     50      0     9%   15-20, 24-32, 36-39, 43-44, 48-52, 56-70, 76-150, 165-257
app/application/services/exception_reason_taxonomy.py                                              23     17     14      0    16%   41, 51-69
app/application/services/exception_retention.py                                                    71     48     24      0    24%   20, 23, 27, 36-48, 79-96, 100-122, 131, 146-150, 165-177, 181-183
app/application/services/exception_storage.py                                                     258    216    108      0    11%   22-23, 38, 41-44, 60-69, 79-87, 97-106, 115-132, 135-180, 190, 210-235, 243-244, 247-275, 279, 283-288, 292-293, 297-308, 312-317, 321-394, 409-423, 427-428, 441-486
app/application/services/execution_engine_capabilities.py                                          44     25     12      0    34%   27-30, 63-70, 74-82, 86-106, 110-118
app/application/services/external_api_connector.py                                                183    141     80      0    16%   38-39, 42-46, 49-50, 53-69, 72-84, 87-97, 108-110, 113-229, 237-276, 279-283, 300-302, 320-325, 328-341, 344, 347-352, 355-356, 359-360
app/application/services/federated_metadata_registry.py                                           216    167    100      0    16%   39-41, 45, 49, 53, 57-60, 64-69, 75-85, 95-105, 128-134, 158-175, 194-208, 220, 237-281, 305-385, 389-390, 408-413, 433, 439
app/application/services/grouped_execution_planner.py                                             160    130     66      0    13%   21-22, 30, 36-152, 164-195, 199-205, 209-212, 215-222, 225-258, 265-274, 277-292, 296-300
app/application/services/gx_execution_source_adapter.py                                            75     60     34      0    14%   11-12, 46-47, 50-55, 65-98, 108-132, 135-144, 147-152, 155-164
app/application/services/gx_expectations.py                                                       681    623    362      0     6%   38-45, 49-67, 71-135, 139-147, 151-206, 210-214, 218-223, 227-228, 232-236, 240-260, 268-348, 352-362, 366, 370-377, 381-384, 388-392, 396-400, 404-412, 416, 434, 445-468, 472-501, 505-553, 559-569, 573-577, 606-634, 654-681, 687-691, 724-750, 761-800, 804-831, 840-852, 856-860, 868-981, 997-1211
app/application/services/gx_queue_service.py                                                      137    118     40      0    11%   16-17, 21-22, 26-39, 50-74, 86-113, 125-162, 179-202, 215-233
app/application/services/gx_rule_expectations.py                                                  382    334    170      0     9%   44-99, 107-117, 126-128, 136-141, 145, 157-182, 186-189, 193-196, 200, 216, 226, 235-244, 248-257, 261-269, 275-282, 286-290, 294-296, 300-352, 358-380, 390-393, 397-412, 416-421, 425-430, 434-529, 535-540, 548-551, 563-586, 592-594, 604-609, 622-637, 641-671, 677-715, 719-726, 734-739, 747-752, 760-778
app/application/services/gx_run_plan_dispatcher.py                                                 25      0      0      0   100%
app/application/services/gx_run_plan_seed_resolver.py                                             152    103     48      0    24%   49-57, 61-69, 73-115, 118-122, 131, 144-147, 156, 172-181, 187-189, 202-237, 284-340
app/application/services/gx_run_plan_validation.py                                                167    137     80      0    12%   29, 40, 53-87, 91-92, 96-111, 120-131, 138-142, 151-183, 190-329, 335-375
app/application/services/gx_suite_validation.py                                                    42     28     18      0    23%   18, 22-26, 30-87
app/application/services/health_scorecards.py                                                     272    217     86      0    15%   45, 49-53, 57-66, 70-74, 78-97, 101-110, 125-160, 164-168, 172-263, 272-301, 305-318, 322-335, 339-363, 367-379, 383-399, 403, 416-417, 442-464, 517-534, 547-559, 574-669
app/application/services/incident_governance_policy_loader.py                                      71     42     32      0    28%   38-47, 51-65, 69-80, 84, 88-91, 102-121
app/application/services/join_consistency_metrics_calculator.py                                    43     43     14      0     0%   8-174
app/application/services/metadata_steward_service.py                                               95     84     50      0     8%   12-13, 17, 21-57, 69-217, 224-228
app/application/services/natural_language_draft_enqueue_service.py                                240    187     34      0    19%   23-24, 28-29, 38-40, 45, 50, 55, 65-68, 72-87, 91, 95, 99-101, 112-123, 127, 131-157, 161-181, 191-209, 213-223, 227-234, 238-243, 247-252, 256-265, 277-287, 291-294, 305-320, 333-475
app/application/services/natural_language_draft_queue_worker.py                                   148    106     20      0    25%   33-34, 46, 49, 52-53, 56-299, 303, 307
app/application/services/natural_language_rule_drafting.py                                        661    544    292      0    12%   193-201, 205-211, 215-216, 220-235, 239-249, 253-256, 260-262, 266-288, 292-321, 330-346, 373, 377-396, 400-417, 427-452, 456-552, 560-607, 619-708, 721-769, 782-797, 809-844, 881-886, 890-894, 911-1004, 1015-1083, 1123-1201, 1211-1360, 1364-1372, 1376-1380, 1384, 1404, 1430-1432, 1443-1461, 1465-1466, 1470-1473, 1477-1480, 1484-1485, 1489-1495, 1499-1516, 1520-1521, 1525-1533
app/application/services/odcs_contract_text.py                                                     26     18      8      0    24%   11-14, 18-21, 25-37
app/application/services/onboarding_service.py                                                    344    297    152      0     9%   51-53, 73-163, 178-190, 210-346, 377-398, 407-431, 440-523, 530-562, 567-571, 576-580, 584-594, 604-633, 637-643, 651-715, 718-725, 735-750, 754, 758-836
app/application/services/ontology_graph_projection.py                                             269    225    148      0    11%   77, 81, 85, 89, 93, 97, 101-113, 127-129, 143-145, 155-168, 186-748, 761-859
app/application/services/ontology_graph_read.py                                                   113     89     36      0    16%   22-24, 28, 32, 36-40, 44-48, 52-57, 66-80, 90-99, 107-152, 173-245
app/application/services/openmetadata_definition_importer.py                                      133    110     48      0    13%   19-20, 24, 28-34, 53-64, 67-112, 115-123, 134-173, 176-204, 207-256
app/application/services/playground_source_bundles.py                                             110    110     20      0     0%   1-261
app/application/services/postgresql_connector.py                                                  145    107     50      0    19%   27, 41-43, 46-48, 51-52, 55-81, 84-95, 98-108, 115-119, 122-187, 190-193, 208-261, 264-267, 270-279, 282-284, 287-288, 291-294
app/application/services/product_spec_resolver.py                                                 589    518    262      0     8%   41-42, 96-107, 110-158, 161, 172, 182, 185, 188, 191, 194, 197-217, 230-266, 269-281, 284-304, 307-350, 360-465, 468-482, 489-495, 501, 507-553, 556-561, 573-619, 622-678, 694-721, 727-735, 738-746, 754-768, 778-812, 815-825, 828-851, 861-867, 870-895, 898-902, 905, 908-913, 916-937, 949-986, 989-990, 993-1006, 1009-1096, 1138-1150, 1153-1174, 1177-1226, 1236-1241, 1244-1252, 1255-1277, 1280-1295, 1298-1315, 1319-1323
app/application/services/profiling_enqueue_service.py                                             129     89     22      0    26%   26-27, 31-32, 37-39, 44, 49, 54, 68, 78-81, 85-98, 102-104, 108-117, 127-249
app/application/services/profiling_request_service.py                                              18      8      0      0    56%   16-17, 26-41, 50, 57
app/application/services/pyspark_executor.py                                                      378    274    106      0    21%   31-33, 38, 43, 97, 101-109, 127-134, 137-142, 150-151, 159-191, 198-243, 257-270, 273-276, 279-299, 311-447, 460-493, 500-560, 564-567, 571-573, 577-604, 621, 639-667, 680-691, 697-716, 719-747, 760-761, 772-775, 784-785
app/application/services/registry_definition_resolver.py                                          275    229    120      0    12%   31-32, 64-75, 78-126, 129, 137, 140-172, 178-183, 190-227, 230-239, 242-280, 283-308, 311-316, 319-320, 323-327, 330-341, 344-434, 529-540, 543-558, 561-566, 569-577, 580-605, 608-618, 621-632, 635-644
app/application/services/rule_compiler.py                                                         445    383    210      0     9%   83-84, 87-89, 92-96, 99-107, 110-120, 123-137, 140, 143-187, 190-199, 205-208, 211-215, 218-222, 225-228, 231-235, 240-268, 271-403, 407-435, 439-446, 450, 454-484, 493-517, 521-548, 552-559, 563-572, 576-663, 667-684, 688-725, 729-731, 741-790
app/application/services/rule_dsl_gx_lowerer.py                                                   356    303    196      0    10%   35-40, 44, 61-67, 71-78, 89-148, 163-215, 228-289, 300-315, 338-351, 382-392, 405-475, 488-505, 518-555, 568-679, 688-723, 738-753, 757-760, 764-765, 769-772, 776-782, 786-787, 793-801, 805-816, 820-824
app/application/services/rule_dsl_sodacl_lowerer.py                                               209    175    110      0    11%   28-39, 50-57, 81-104, 156-234, 243-332, 341-358, 379, 403, 413-417, 421-430, 439-445, 449-459, 463-472, 476-484, 491-503, 511-512, 516-527, 533-536
app/application/services/rule_expression.py                                                       154    142     92      0     5%   50-117, 121-163, 167-211, 215-247, 251-252
app/application/services/rule_join_consistency_mapping.py                                          86     78     30      0     7%   21-171
app/application/services/s3_blob_connector.py                                                     162    128     60      0    15%   32-33, 36-40, 43-44, 47-132, 135-147, 150-158, 170-172, 175-233, 243-260, 271-292, 304-350, 353-360, 363-369, 372-373
app/application/services/source_data_resolver.py                                                  118     87     38      0    20%   20-21, 26, 29-30, 36, 42-68, 78-84, 87-88, 95-96, 104, 114-127, 134-160, 169-212, 220-227, 234-239, 246-256, 269-293
app/application/services/sql_server_connector.py                                                  152    113     54      0    19%   28, 42-44, 47-49, 52-53, 56-82, 85-96, 99-109, 116-120, 123-188, 191-202, 217-268, 271-274, 277-286, 289-291, 294-295, 298-301
app/application/services/status_governance_policy_loader.py                                        53     36     32      3    24%   13, 16-21, 25-36, 40-70, 79
app/application/services/tag_suggestion_service.py                                                 80     64     44      0    13%   13, 17, 21-32, 42-124
app/application/services/test_data_materialization_service.py                                     262    231     88      0     9%   27-42, 46-49, 63, 67-76, 87-90, 99-102, 106-129, 133-135, 146-165, 169-172, 176-180, 184-218, 229-247, 251-271, 275, 286-287, 302-305, 321-375, 391-463, 504-741
app/application/services/test_data_queue_service.py                                                60     43     12      0    24%   17-19, 30, 52, 63, 72, 80, 95-140, 151-167
app/application/services/testing_generated_proof_service.py                                        18     11      4      0    32%   10-14, 18, 40-61
app/application/services/validation_policy.py                                                      36     31     20      0     9%   37-42, 61-94
app/application/services/version_catalog.py                                                       110     95     50      0     9%   14-27, 31-39, 43-50, 54-72, 76-108, 112-121, 125-132, 139-168
app/application/use_cases/__init__.py                                                             100      0      0      0   100%
app/application/use_cases/activate_rule.py                                                         74     52     18      0    24%   50-272
app/application/use_cases/create_rule.py                                                           26     13      0      0    50%   27-60
app/application/use_cases/dq_result_drift_detection.py                                            138    106     52      0    17%   25, 29-30, 34, 38-43, 47, 51-55, 59, 63-71, 75-81, 85-97, 101-102, 106-108, 112-121, 137-138, 162-295
app/application/use_cases/execution_queries.py                                                    538    409    212      0    17%   113, 117, 121-131, 135-154, 164-183, 194-215, 223-228, 243-271, 275-294, 298, 302-321, 331-341, 345-352, 356-363, 367-374, 386-423, 431-450, 456-466, 474-504, 508-518, 522-532, 536-553, 563-589, 638-707, 716-731, 735-736, 754-884, 903-945, 965-997, 1027-1066, 1094-1147, 1159-1193
app/application/use_cases/get_rule_details.py                                                       8      4      2      0    40%   8-11
app/application/use_cases/governance_inboxes.py                                                    52     35     12      0    27%   24-42, 46, 56, 64-106
app/application/use_cases/gx_assistance_requests.py                                                99     54     26      0    36%   55-63, 76-100, 112-244
app/application/use_cases/gx_dispatch.py                                                          182    112     44      0    31%   71-72, 76, 80, 84-93, 97-99, 103-105, 109, 113-114, 118-136, 144-152, 160-175, 190-192, 211-327, 338-395
app/application/use_cases/gx_dispatch_runtime.py                                                  192    137     60      0    22%   50-68, 72-82, 86-97, 107, 128-158, 167-168, 172-173, 177, 181-182, 186-197, 208-220, 239-241, 249-252, 260-292, 305-346, 377-406, 438-445, 467-568
app/application/use_cases/gx_queue_status.py                                                       52     26     10      0    42%   41-110
app/application/use_cases/gx_run_plans.py                                                         223    117     52      0    39%   56, 84, 137-160, 166-170, 180-192, 196-200, 204-206, 210-213, 217-220, 228-229, 266-281, 313-384, 391-434, 447-557
app/application/use_cases/list_rules.py                                                            70     47     26      0    24%   28-39, 43-67, 75-97
app/application/use_cases/remove_rule.py                                                           28     15      6      0    38%   28-62
app/application/use_cases/rule_mutation.py                                                        554    471    268      0    10%   79-81, 85-89, 93-96, 108-143, 147-157, 161-242, 246-274, 284-291, 301-303, 307-320, 332-348, 360-363, 374-392, 407, 424-444, 448-475, 490-503, 511-538, 546-548, 552-600, 613-632, 641-657, 666-682, 702-708, 717-724, 733-808, 812-819, 828-856, 864-870, 874-1411, 1430-1548
app/application/use_cases/rule_registry.py                                                        104     72     38      0    23%   35-46, 50, 54-93, 100-118, 126-149
app/application/use_cases/rule_templates.py                                                        30      9      0      0    70%   29, 33-36, 40-43
app/application/use_cases/rule_validation.py                                                       74     46     12      0    33%   35-43, 65-156
app/application/use_cases/rule_version_mutations.py                                                59     25     10      0    49%   45-53, 57-78, 82-93, 100-110
app/application/use_cases/rule_version_queries.py                                                  89     52     22      0    33%   48-88, 92-95, 99-102, 106-109, 113-116, 120-126, 130-136, 140-151, 161-174
app/application/use_cases/sla_slo_management.py                                                   225    183     80      0    14%   35-36, 40-50, 54-57, 61-79, 83-87, 91-98, 102-112, 116-119, 123-143, 190-191, 199-300, 322-347, 366-395, 411, 421-424, 437-556
app/application/use_cases/testing_batch_requests.py                                                63     36     18      0    33%   10-11, 15-27, 31-32, 36-43, 75-91
app/application/use_cases/testing_data_requests.py                                                 59     22     10      0    54%   54-55, 64-70, 78-90, 99-105, 112
app/application/use_cases/testing_execution.py                                                     71     25      4      0    61%   61-62, 73-90, 97-124
app/application/use_cases/testing_generated_data.py                                               154     71     16      0    49%   13-14, 18-30, 34-35, 127, 146, 166-170, 177-181, 188-189, 207-343
app/application/use_cases/testing_reports.py                                                       80     41     12      0    42%   11-12, 61, 68-126
app/application/use_cases/transition_rule_lifecycle.py                                             38     21     10      0    35%   32-81
app/application/use_cases/update_rule.py                                                           31     20      8      0    28%   25-76
app/application/use_cases/validate_rule.py                                                         16      2      0      0    88%   33-47
app/application/use_cases/validate_rule_enriched.py                                                30     15      8      0    39%   23-65
app/application/use_cases/validate_rules_batch.py                                                  48     29      8      0    34%   44-159
app/core/__init__.py                                                                                0      0      0      0   100%
app/core/api_metrics.py                                                                           114     85     30      0    20%   99-272, 297-298, 304-327
app/core/auth.py                                                                                  258    122    184     53    45%   48, 50, 55, 62, 69-72, 85, 91, 94, 97-99, 102, 105-107, 110-112, 115-119, 122-124, 127-129, 132-134, 137-141, 144-150, 153-155, 158-160, 163-165, 168-170, 173-175, 178-180, 183-185, 188-194, 197, 200, 203, 218-220, 223, 226, 229, 232, 245-250, 257, 264-265, 270, 274, 276, 281, 283->296, 285->296, 288-289, 290->296, 294, 303-305, 308->306, 327-332, 338->351, 358, 364-370, 381, 424-443
app/core/auth_login_metrics.py                                                                     80     52     20      0    28%   31-44, 55-56, 59-62, 70-123, 134-136, 140-147
app/core/config.py                                                                                 69      4      8      4    90%   75, 87, 90, 94
app/core/dependencies.py                                                                          318    107     18      3    65%   140, 153, 166-168, 173, 177-178, 188, 193, 198, 203, 208, 223, 228, 243, 248, 253, 258, 262-263, 280, 296-297, 313-314, 318-319, 323-324, 329, 333-337, 342, 346-347, 351-352, 370, 374-375, 379-383, 410-418, 422-423, 427-428, 432-436, 440-441, 446, 450-451, 456, 460-464, 472, 476-477, 482, 486-487, 492, 496-500, 505, 510, 514-518, 522-526, 531, 535-539, 544, 548-549, 554, 558-559, 581, 602-603, 637, 653-654, 670, 674, 679, 684, 688-691, 695-698, 703, 707-710
app/core/errors.py                                                                                 26      6      0      0    77%   47-54, 58-66
app/core/jit_access_metrics.py                                                                     27     22     12      0    13%   9-31, 35-52
app/core/log_event.py                                                                              34     23     16      0    22%   17, 21, 25-39, 60-65
app/core/logging_config.py                                                                         66      8     28     12    79%   35, 42, 44, 46, 66, 69, 72->75, 77, 81, 83->86, 86->89, 89->92
app/core/otel_metrics.py                                                                          276    192    102      4    23%   140-143, 147-152, 156-157, 161-176, 180-195, 199-202, 206-221, 233-248, 252-255, 259-274, 286-298, 302-318, 332, 342-351, 357, 367-376, 407, 418-422, 432-436, 448-451, 462-475, 484-486, 496-498, 517-552, 556-570, 590-602, 616-628, 643-658
app/core/request_context.py                                                                        25      2      0      0    92%   30, 38
app/core/runtime_paths.py                                                                          11      1      4      1    87%   16
app/core/runtime_queues.py                                                                         18      5      4      1    73%   10, 15, 23, 27, 34
app/core/telemetry.py                                                                             267    125     94     21    46%   49, 54-55, 58-114, 117, 120, 124-134, 141-145, 159, 163-175, 180-189, 212, 214, 219, 224-230, 238-248, 255-259, 263-268, 275-276, 281-285, 292-298, 305, 312->322, 323, 336-344, 348, 354, 360-373, 393->397, 397->401, 401->exit, 409, 420, 422->exit
app/domain/__init__.py                                                                              0      0      0      0   100%
app/domain/comment_governance.py                                                                   81     64     32      0    15%   26-27, 31, 35, 39-45, 49-53, 57-60, 64-116
app/domain/entities/__init__.py                                                                    34      0      0      0   100%
app/domain/entities/admin.py                                                                       39      1      0      0    97%   50
app/domain/entities/agent_request_audit.py                                                         28      3      0      0    89%   50-52
app/domain/entities/app_config.py                                                                  95      0      0      0   100%
app/domain/entities/approvals.py                                                                  117     73     48      0    27%   49-56, 60-87, 117-138, 142-155, 162-178, 189-204
app/domain/entities/base.py                                                                         3      0      0      0   100%
app/domain/entities/catalog_governance.py                                                         162    133     74      0    12%   30, 34-51, 55-68, 72-79, 87-133, 144-247, 256-278, 282, 286-289
app/domain/entities/connector.py                                                                  214     44     40      8    72%   76-78, 97-99, 101-103, 107, 117, 120, 145, 147, 149, 182-186, 189, 215-220, 223, 300, 307, 311, 314-318, 321, 324, 327, 330-333, 437
app/domain/entities/connector_audit.py                                                             43      2     12      2    93%   28, 32
app/domain/entities/data_asset.py                                                                 219    108     54      0    41%   135, 139-140, 144-148, 154-164, 176-185, 195-205, 217-227, 237-251, 262-304, 319-335, 356-392, 412-421
app/domain/entities/data_catalog.py                                                               163      8      4      0    93%   12-15, 19-22
app/domain/entities/data_protection.py                                                             20      0      0      0   100%
app/domain/entities/dq_result_event.py                                                            221    127     60      0    33%   107-113, 123-167, 204-211, 215-221, 225-236, 240-246, 250-255, 259-269, 273-277, 281-285, 296-328, 339-355, 368-382, 393-394, 403-405
app/domain/entities/exception_record.py                                                            23      6      4      0    63%   25-43
app/domain/entities/execution_metrics.py                                                           55     55      0      0     0%   9-179
app/domain/entities/federated_metadata_registry.py                                                 47      0      0      0   100%
app/domain/entities/gx_execution_run.py                                                           519    224    144      0    44%   197-206, 361-364, 368, 380, 392-395, 399-402, 411-415, 421-423, 429, 450, 473-479, 483-489, 493-504, 508-521, 525-531, 535-541, 545, 553-559, 563-569, 575-577, 585-591, 595-601, 605-611, 615-659, 663-698, 702-720, 724-739, 743-754, 825-827
app/domain/entities/gx_execution_violation.py                                                     115     16      0      0    86%   132, 147-148, 155-161, 211-218
app/domain/entities/gx_run_plan.py                                                                230     99     64      0    45%   153-155, 163-169, 183-194, 211-239, 253-258, 264-268, 279-284, 302-307, 313-317, 326-334, 346-351, 357-368, 379, 405, 421-424
app/domain/entities/gx_run_plan_governance.py                                                       7      2      0      0    71%   28, 32
app/domain/entities/gx_suite.py                                                                   149     59     40      0    48%   102-113, 130-134, 138-152, 158-162, 190-195, 207-211, 225-242, 262-267, 287-289, 295-297, 311
app/domain/entities/incident.py                                                                    75      0      0      0   100%
app/domain/entities/master_data.py                                                                 19      0      0      0   100%
app/domain/entities/monitor_schedule.py                                                            18      0      0      0   100%
app/domain/entities/onboarding_models.py                                                           62      0      0      0   100%
app/domain/entities/ontology_graph.py                                                              16      0      0      0   100%
app/domain/entities/profiling_request.py                                                           16      0      0      0   100%
app/domain/entities/rule.py                                                                       279     89     58      8    59%   18-21, 26, 31-44, 52-62, 81, 92, 97, 102-104, 119-122, 267-274, 277, 343-357, 366-386, 437-446, 450-474
app/domain/entities/rule_autopublish_policy.py                                                    269    215     88      0    15%   46, 60, 66, 73-75, 79-134, 143-153, 168-218, 254-301, 310-323, 333-368, 372-377, 385-389, 398-436, 440-444, 448-453, 457-458, 476-567, 581-618, 637-716
app/domain/entities/rule_check_type.py                                                            238     48     42      0    68%   63-67, 85-98, 229-233, 274-276, 295-303, 318-327, 365-375
app/domain/entities/rule_dsl_capability_registry.py                                                72     19     14      1    65%   151, 156-159, 162-167, 170-174, 430, 437, 441
app/domain/entities/rule_dsl_ir.py                                                                166     32     20      0    72%   26-36, 87-99, 108-110, 159-163, 182-188, 204-206, 220-232, 260-262, 305-306
app/domain/entities/rule_dsl_v2.py                                                                162     30     20      0    73%   27-37, 88-100, 109-111, 160-164, 183-189, 205-207, 221-233, 261-263
app/domain/entities/rule_policy.py                                                                271    218    108      0    14%   25-26, 37, 53, 57-58, 62-72, 76-95, 103-151, 166-184, 191-201, 205-209, 213-225, 229-244, 248-259, 263-276, 280-294, 298-308, 312-325, 333-343, 347-349, 357-363, 372-387, 391-398, 407-453, 457-458
app/domain/entities/rule_registry.py                                                              111     55     30      0    40%   13-14, 18-20, 24, 77-91, 149-188
app/domain/entities/rule_templates.py                                                              83     40     20      0    42%   12-18, 643-675, 684, 688-702, 706
app/domain/entities/rule_testing_context.py                                                        44     29     12      0    27%   17, 21, 36-62, 80-82, 86-102
app/domain/entities/session.py                                                                     11      0      0      0   100%
app/domain/entities/sla_slo.py                                                                     67     19      8      0    64%   59-66, 70-81
app/domain/entities/suggestions.py                                                                 79      0      0      0   100%
app/domain/entities/system.py                                                                      22      0      0      0   100%
app/domain/entities/testing.py                                                                    156     27     10      0    78%   155-160, 173-184, 202-220
app/domain/entities/validation_artifact.py                                                        220     98     64      0    43%   156-160, 166-170, 176-180, 186-200, 206-210, 216-220, 226-230, 236-240, 246-248, 254-256, 262, 268-270, 276-281, 377-503
app/domain/entities/validation_policy.py                                                            8      0      0      0   100%
app/domain/entities/validation_run.py                                                              27      0      0      0   100%
app/domain/entities/validation_run_plan.py                                                        219    110     68      0    38%   23, 27, 128-130, 138-142, 148-159, 165-178, 192-197, 203-209, 220-226, 239-253, 259-276, 282-302, 308-336, 342-344, 372-374, 392-397, 435-460, 466-491
app/domain/entities/workspaces.py                                                                   9      0      0      0   100%
app/domain/interfaces/__init__.py                                                                  34      0      0      0   100%
app/domain/interfaces/profiling_repository.py                                                      46     13      0      0    72%   23-25, 30-31, 37, 47, 51, 55, 59, 63, 67, 71
app/domain/interfaces/v1/__init__.py                                                               29      0      0      0   100%
app/domain/interfaces/v1/admin_repository.py                                                        3      0      0      0   100%
app/domain/interfaces/v1/agent_request_audit_repository.py                                          3      0      0      0   100%
app/domain/interfaces/v1/app_config_repository.py                                                   3      0      0      0   100%
app/domain/interfaces/v1/approvals_repository.py                                                    3      0      0      0   100%
app/domain/interfaces/v1/connector.py                                                              13      0      0      0   100%
app/domain/interfaces/v1/connector_audit_repository.py                                              3      0      0      0   100%
app/domain/interfaces/v1/connector_registry_repository.py                                           3      0      0      0   100%
app/domain/interfaces/v1/data_asset_repository.py                                                   6      0      0      0   100%
app/domain/interfaces/v1/data_catalog_repository.py                                                 3      0      0      0   100%
app/domain/interfaces/v1/data_protection_repository.py                                              3      0      0      0   100%
app/domain/interfaces/v1/dq_result_event_repository.py                                              3      0      0      0   100%
app/domain/interfaces/v1/exception_analysis_session_repository.py                                   4      0      0      0   100%
app/domain/interfaces/v1/exception_fact_repository.py                                               4      0      0      0   100%
app/domain/interfaces/v1/exception_reason_analytics_projection_repository.py                        6      0      0      0   100%
app/domain/interfaces/v1/federated_metadata_registry_repository.py                                  5      0      0      0   100%
app/domain/interfaces/v1/gx_execution_run_repository.py                                             4      0      0      0   100%
app/domain/interfaces/v1/gx_run_plan_repository.py                                                  5      0      0      0   100%
app/domain/interfaces/v1/gx_suite_repository.py                                                     4      0      0      0   100%
app/domain/interfaces/v1/incident_repository.py                                                     6      0      0      0   100%
app/domain/interfaces/v1/master_data_repository.py                                                  2      0      0      0   100%
app/domain/interfaces/v1/monitor_schedule_repository.py                                             3      0      0      0   100%
app/domain/interfaces/v1/ontology_graph_repository.py                                               5      0      0      0   100%
app/domain/interfaces/v1/rules_repository.py                                                        4      0      0      0   100%
app/domain/interfaces/v1/session_repository.py                                                      5      0      0      0   100%
app/domain/interfaces/v1/sla_slo_repository.py                                                      3      0      0      0   100%
app/domain/interfaces/v1/suggestions_repository.py                                                 16      0      0      0   100%
app/domain/interfaces/v1/system_repository.py                                                       4      0      0      0   100%
app/domain/interfaces/v1/testing_repository.py                                                      4      0      0      0   100%
app/domain/interfaces/v1/validation_artifact_repository.py                                          4      0      0      0   100%
app/domain/interfaces/v1/validation_run_plan_repository.py                                          9      0      0      0   100%
app/domain/interfaces/v1/validation_run_repository.py                                               3      0      0      0   100%
app/domain/interfaces/v1/workspaces_repository.py                                                   3      0      0      0   100%
app/domain/onboarding_matching.py                                                                  52     41     34      0    13%   137-234
app/domain/status_governance.py                                                                   106     61     30      1    34%   268, 272-283, 293-300, 311-321, 329-337, 341, 345, 349, 353-360, 370-371, 380-385, 395-400, 414
app/domain/user_names.py                                                                           27     22     10      0    14%   7-10, 14-24, 28-48
app/infrastructure/__init__.py                                                                      0      0      0      0   100%
app/infrastructure/repositories/__init__.py                                                        66      0      0      0   100%
app/infrastructure/repositories/app_config_defaults.py                                             91     42     52      6    48%   248->243, 269, 270->272, 272->274, 274->276, 277, 365-407, 411-417
app/infrastructure/repositories/in_memory_admin_repository.py                                     325    282    142      0     9%   13-14, 17, 20, 31-44, 47-58, 67-79, 82-108, 118-154, 157-212, 220-255, 258-288, 291-293, 296-309, 312-315, 318-323, 326-346, 349, 352-364, 378-412, 415-422, 425-435, 438-475, 478, 486-488, 491-497, 500-516, 519-528, 537-556, 560, 564-571, 575-579, 582
app/infrastructure/repositories/in_memory_agent_request_audit_repository.py                        16      7      2      0    50%   14-16, 19-22
app/infrastructure/repositories/in_memory_app_config_repository.py                                 14      3      0      0    79%   15, 18-19
app/infrastructure/repositories/in_memory_approvals_repository.py                                 155    131     50      0    12%   10-11, 15-18, 22-26, 30-33, 37-41, 45-46, 58-92, 109-129, 141-199, 202-236, 239-261, 264, 267-278, 285-296, 310-322
app/infrastructure/repositories/in_memory_connector_audit_repository.py                            20     11      4      0    38%   14-16, 25-34
app/infrastructure/repositories/in_memory_connector_registry_repository.py                         28     19      8      0    25%   14-16, 19-25, 28-32, 35-41
app/infrastructure/repositories/in_memory_data_asset_repository.py                                149    120     38      0    16%   20-23, 26-30, 33-34, 37-39, 42-43, 46-58, 61-74, 77-80, 83-114, 117-119, 122-124, 131-152, 155-191, 194-212, 215-219
app/infrastructure/repositories/in_memory_data_catalog_repository.py                              250    207     78      0    13%   41-45, 52-58, 61-65, 68-81, 84-85, 88, 91-104, 107, 110-114, 117-121, 124-125, 128-131, 134-138, 149-163, 170-181, 191-233, 245-275, 288-300, 331-367, 370-443, 446-452, 455-457, 460-464, 467-468
app/infrastructure/repositories/in_memory_data_protection_repository.py                            40     25     10      0    30%   31-36, 39-42, 45-72, 76
app/infrastructure/repositories/in_memory_dq_result_event_repository.py                            77     59     36      0    16%   13-18, 22-27, 35-48, 64-84, 88-91, 105-123
app/infrastructure/repositories/in_memory_exception_analysis_session_repository.py                 19      9      0      0    53%   14-17, 20-22, 25-26
app/infrastructure/repositories/in_memory_exception_reason_analytics_projection_repository.py      36     23      4      0    32%   16, 19-41, 55
app/infrastructure/repositories/in_memory_federated_metadata_registry_repository.py                71     56     28      0    15%   14-16, 22-32, 43-54, 60-70, 80-89, 95-99, 108-115
app/infrastructure/repositories/in_memory_gx_execution_run_repository.py                           97     78     48      0    13%   28-81, 84-87, 95-120, 123-125, 131-177, 180-186, 190-195
app/infrastructure/repositories/in_memory_gx_execution_violation_repository.py                    161    141     64      0     9%   24-32, 36-38, 57-71, 77-97, 100-101, 120-176, 190-276, 319-349
app/infrastructure/repositories/in_memory_gx_run_plan_repository.py                               187    160     80      0    10%   16-19, 23-25, 47-48, 86-142, 145-151, 177-218, 228-250, 262-311, 322-374, 384-415, 427-459, 462
app/infrastructure/repositories/in_memory_gx_suite_repository.py                                   31     17      4      0    40%   23-31, 43-51, 60-65, 74-81, 92-101, 109-113
app/infrastructure/repositories/in_memory_incident_repository.py                                   56     40     14      0    23%   15-16, 19-29, 32, 35-43, 55-66, 69-79, 82, 85-93, 104-112
app/infrastructure/repositories/in_memory_master_data_repository.py                                15      9      4      0    32%   8-9, 12-18
app/infrastructure/repositories/in_memory_monitor_schedule_repository.py                           22     10      2      0    50%   20-23, 28, 33-51, 54
app/infrastructure/repositories/in_memory_ontology_graph_repository.py                             31     21     12      0    23%   12, 15-17, 26-33, 44-52
app/infrastructure/repositories/in_memory_profiling_repository.py                                  90     62     28      1    25%   19-23, 32-33, 47-51, 60-64, 70-113, 120-123, 126-132, 135-152, 155-160, 163-168
app/infrastructure/repositories/in_memory_rules_repository.py                                     553    473    172      0    11%   67, 92-173, 183-189, 241-326, 354-381, 404-505, 528-547, 550-582, 585-586, 596-629, 632-662, 665-710, 713-714, 717-762, 772-821, 824-832, 867-878, 886-894, 906-914, 927-940, 950-969, 977-1013, 1036-1069, 1092-1169, 1203-1221, 1235-1244, 1256-1274, 1294-1317, 1320-1324, 1327-1328, 1331, 1334, 1337-1348, 1352-1357, 1360-1366, 1370, 1373-1379, 1393-1416, 1420-1421, 1425-1437, 1441-1448, 1451-1464, 1476-1491, 1494-1505, 1508-1511, 1522-1532, 1535-1538, 1550-1564, 1567-1578, 1581-1584, 1595-1604
app/infrastructure/repositories/in_memory_sessions_repository.py                                   17      7      2      0    53%   11, 23, 34-36, 39, 42
app/infrastructure/repositories/in_memory_sla_slo_repository.py                                    76     60     22      0    16%   14, 19, 29-43, 46-49, 52-83, 91-107, 115-130
app/infrastructure/repositories/in_memory_suggestions_repository.py                               122     87     38      0    22%   19-23, 34-39, 43-45, 49-51, 57-59, 65-67, 70, 83-97, 106-113, 120-136, 150-180, 192-203, 212-219, 228-231, 241-281, 293, 307-311
app/infrastructure/repositories/in_memory_system_repository.py                                      6      2      0      0    67%   6, 13
app/infrastructure/repositories/in_memory_test_data.py                                             41      2      0      0    95%   1014, 1046
app/infrastructure/repositories/in_memory_testing_repository.py                                   406    368    128      0     7%   38-59, 78-79, 89-96, 108-119, 122-166, 169-192, 207-248, 258-313, 341-352, 362-387, 395-626, 630-641, 645-675, 684-705, 714-734, 741-746, 749-752, 755-821, 827-860
app/infrastructure/repositories/in_memory_validation_artifact_repository.py                       125    105     62      0    11%   26-77, 89-119, 128-153, 162-177, 190-216, 224-227, 231-232
app/infrastructure/repositories/in_memory_validation_run_plan_repository.py                        42     19      2      0    52%   18, 42-64, 67-70, 90-108, 118-124, 136-144, 155-162, 172-178, 190-198
app/infrastructure/repositories/in_memory_validation_run_repository.py                             23     12      2      0    44%   27-52, 60-68, 71-74
app/infrastructure/repositories/in_memory_workspaces_repository.py                                 41     27     10      0    27%   14, 17-36, 39-53, 56-60, 64
app/infrastructure/repositories/postgres_admin_repository.py                                      524    440    218      9    13%   28-60, 83-85, 96-113, 116-131, 145-155, 158-194, 204-240, 243-285, 293-397, 400-430, 433-435, 438-455, 461, 464-478, 481-488, 491-493, 496-509, 512-541, 547->552, 550, 554-556, 559->569, 567, 570->602, 577->582, 583-600, 605-619, 630-646, 665-693, 696-703, 706-716, 719-721, 724-726, 729-766, 769-777, 780-784, 787-800, 803-806, 809-816, 819, 822-858, 861-871, 881-901, 904-905, 909-913, 917-922, 937
app/infrastructure/repositories/postgres_agent_request_audit_repository.py                         36     25     10      0    24%   15, 18-31, 34-74
app/infrastructure/repositories/postgres_app_config_repository.py                                  87     23     26      1    75%   51-63, 73-74, 79, 85-91, 96, 111-125
app/infrastructure/repositories/postgres_approvals_repository.py                                  241    200     74      0    13%   19-20, 24-27, 31-35, 39-42, 46-50, 54-55, 67-99, 104, 116-155, 158-160, 173-241, 244-295, 298-322, 325, 355-360, 364-367, 375-376, 396-418, 425-447, 454-468, 472-482, 486-489, 499-521
app/infrastructure/repositories/postgres_connector_audit_repository.py                             41     24     12      0    32%   40-88
app/infrastructure/repositories/postgres_connector_registry_repository.py                          45     15      8      2    60%   47, 57-62, 77-87
app/infrastructure/repositories/postgres_data_asset_repository.py                                 240    187     62      0    18%   28, 31-36, 39-41, 44-50, 53-57, 60-76, 79-104, 107-114, 117-144, 147-153, 156-162, 165-177, 180-216, 219-232, 235-244, 247, 260-265, 268, 285, 297, 315, 328-333, 336-341, 344-349, 352, 364-367, 380, 393-398, 402-406, 410-416
app/infrastructure/repositories/postgres_data_catalog_repository.py                               364    310    122      0    11%   44, 47-53, 69-71, 86-97, 112-119, 129-163, 166-172, 187-193, 209-213, 226-257, 270-297, 311-320, 341-385, 397-405, 417-431, 451-487, 497-521, 540-558, 589-631, 634-640, 656-692, 728-770, 779-785, 793-796, 799, 803-809, 813-819
app/infrastructure/repositories/postgres_data_protection_repository.py                             65     47     20      0    21%   18-19, 22-30, 33-35, 38-79, 82-84, 99-103
app/infrastructure/repositories/postgres_dq_result_event_repository.py                             84     64     32      0    17%   17-22, 26-31, 36, 39-54, 70-98, 102-105, 109-115
app/infrastructure/repositories/postgres_exception_analysis_session_repository.py                  48     32      6      0    30%   15, 20, 23-53, 56-62, 65-67, 71-104
app/infrastructure/repositories/postgres_exception_reason_analytics_projection_repository.py       53     36     12      0    26%   18, 44, 47-92, 106-108, 122-130
app/infrastructure/repositories/postgres_federated_metadata_registry_repository.py                109     84     26      0    19%   20, 37, 53, 72, 78-98, 109-126, 132-151, 161-176, 182-200, 209-222, 226-232
app/infrastructure/repositories/postgres_gx_execution_run_repository.py                           117     92     48      0    15%   29-34, 38-40, 45, 48-108, 111-123, 129-145, 148-155, 161-208, 211-220, 224, 240
app/infrastructure/repositories/postgres_gx_execution_violation_repository.py                     153    127     52      0    13%   28-33, 37-39, 44, 58-72, 78-110, 113-117, 136-180, 194-338, 371-402, 406-407, 422-423
app/infrastructure/repositories/postgres_gx_run_plan_repository.py                                226    190     88      0    11%   29-33, 37-42, 46-48, 52, 80, 99, 123-192, 195-210, 230-282, 294-347, 357-395, 406-459, 469-503, 515-549, 553, 581-586, 608
app/infrastructure/repositories/postgres_gx_suite_repository.py                                   233    200     80      0    11%   27, 38-197, 209-246, 264-297, 315-334, 351-380, 394-417, 421-436, 440-455, 464-513, 539-540
app/infrastructure/repositories/postgres_incident_repository.py                                   123    101     22      0    15%   17, 52, 79, 82-121, 124-130, 133-158, 170-182, 185-214, 217-223, 226-255, 266-277
app/infrastructure/repositories/postgres_master_data_repository.py                                 26     15      8      0    32%   13, 20-28, 51-55
app/infrastructure/repositories/postgres_monitor_schedule_repository.py                            41     24      4      0    38%   17, 37, 42-47, 52-61, 66-100, 117-124
app/infrastructure/repositories/postgres_ontology_graph_repository.py                              48     34     16      0    22%   14, 31, 34-51, 60-69, 80-91, 95-103
app/infrastructure/repositories/postgres_profiling_repository.py                                  160    121     40      0    20%   29-33, 37, 53, 56-62, 71-85, 88-145, 152-160, 163-175, 179-193, 207-214, 217-225, 228-239, 242-252, 263-282, 285-291
app/infrastructure/repositories/postgres_rules_repository.py                                      855    742    238      0    10%   36, 40-49, 53-61, 72, 97-130, 133-144, 172-270, 298-325, 348-472, 495-514, 517-551, 554-555, 565-609, 612-644, 647-690, 693-694, 697-736, 746-800, 803-835, 861-889, 901-928, 952-970, 983-1007, 1017-1047, 1055-1099, 1122-1166, 1189-1282, 1316-1338, 1355-1372, 1384-1418, 1438-1477, 1480-1491, 1494-1501, 1504-1519, 1531-1549, 1552-1574, 1577-1586, 1597-1613, 1616-1623, 1635-1653, 1656-1677, 1680-1689, 1700-1716, 1719-1727, 1730-1741, 1745, 1754-1759, 1766-1773, 1783, 1807-1829, 1863, 1878, 1890-1892, 1908-1917, 1921-1927, 1931-1936, 1939-1945, 1949, 1952-1958, 1962-1968, 1983-2003, 2007-2008, 2012-2024, 2028-2035, 2039-2045, 2048-2061, 2064-2088, 2111-2130, 2175-2176, 2190, 2204-2206
app/infrastructure/repositories/postgres_session_repository.py                                     36     22      6      0    33%   26-37, 40-45, 48-53, 64-69
app/infrastructure/repositories/postgres_sla_slo_repository.py                                     96     74     26      0    18%   19, 29-45, 48-52, 55-85, 93-109, 117-133, 137-147, 151-174
app/infrastructure/repositories/postgres_suggestions_repository.py                                192    141     44      0    22%   36, 40-47, 51-55, 59-61, 69, 95, 109, 112-119, 141-162, 183-194, 216-267, 281-316, 328-346, 355-372, 381-399, 415-458, 470-484, 487-492, 498-509, 512-522, 535-546
app/infrastructure/repositories/postgres_system_repository.py                                      56     38     10      0    27%   20-37, 41-42, 46-54, 59, 62-68, 75-80, 91-144
app/infrastructure/repositories/postgres_testing_repository.py                                    388    331    102      0    12%   33, 37-44, 48-54, 58-60, 75-86, 90-98, 113-142, 161-162, 171-208, 224-261, 264-318, 328-408, 441-476, 483-494, 517-521, 541-603, 606-612, 621-642, 646-650, 654-656, 660-671, 681-706, 714-794, 798-809, 813-815
app/infrastructure/repositories/postgres_validation_artifact_repository.py                        183    148     46      0    15%   23, 34-131, 143-172, 181-204, 213-228, 239-275, 283-294, 311, 315-317, 321-325, 329-331, 335-415, 419-420
app/infrastructure/repositories/postgres_validation_run_plan_repository.py                        242    200     92      0    13%   29-33, 37-42, 46-48, 52, 56-60, 64, 92, 111, 135-216, 219-234, 254-314, 324-364, 376-431, 442-497, 507-543, 555-589, 593, 621-623
app/infrastructure/repositories/postgres_validation_run_repository.py                              55     37     10      0    28%   17-19, 23, 40, 55, 70-109, 117-131, 134-143
app/infrastructure/repositories/postgres_workspaces_repository.py                                 105     75     22      0    24%   18, 21-22, 33-47, 50-66, 69-70, 74, 77-79, 90-94, 102-104, 107-117, 120-131, 134-137, 141-152, 156-167
app/infrastructure/repositories/redis_profiling_repository.py                                      50     31     14      0    30%   21, 24, 27, 36, 39, 42, 45-54, 57-70, 73-76, 79-85
app/infrastructure/security/__init__.py                                                             4      0      0      0   100%
app/infrastructure/security/entity_field_encryptor.py                                              80     29     22      6    56%   26-28, 34->32, 36-37, 54, 57-58, 67, 71, 73, 78-79, 87-95, 102-110, 113, 116
app/main.py                                                                                        95     22     10      3    72%   51-63, 78-86, 91, 94, 106-109, 115, 119-126
app/middleware/__init__.py                                                                          0      0      0      0   100%
app/middleware/api_case_enforcement.py                                                             92     12     24      6    84%   32, 35-36, 48, 57-59, 95-96, 113-114, 144
app/middleware/auth_middleware.py                                                                 135     72     48     11    42%   27-32, 53, 58-90, 100, 114-120, 126-129, 134-135, 143-180, 189->197, 192-193, 195, 207, 210-223, 231
app/middleware/correlation_id.py                                                                   26      1      6      3    88%   25, 28->31, 34->36
app/middleware/internal_api_contract_validation.py                                                 75     18     26      9    71%   26, 35, 44->37, 46, 50, 64, 68, 72, 88, 111-124, 127, 143-144, 160-174
app/middleware/require_kong_gateway.py                                                             18      3      6      3    75%   17, 29, 36
app/middleware/timing.py                                                                           21      0      4      1    96%   18->40
app/schemas/__init__.py                                                                             0      0      0      0   100%
app/schemas/pagination.py                                                                          15     15      0      0     0%   1-25
app/schemas/problem_details.py                                                                     10     10      0      0     0%   1-14
app/schemas/pydantic_base.py                                                                       10      0      0      0   100%
-------------------------------------------------------------------------------------------------------------------------------------------
TOTAL                                                                                           47343  30409  13462    194    28%
Coverage XML written to file ../test-results/coverage.xml
Coverage JSON written to file ../test-results/coverage.json
Required test coverage of 25.0% reached. Total coverage: 28.34%
6 passed, 2 warnings in 12.49s
