<?xml version="1.0" encoding="utf-8"?><testsuites name="pytest tests"><testsuite name="pytest" errors="0" failures="0" skipped="0" tests="72" time="0.608" timestamp="2026-03-14T00:32:13.543016+01:00" hostname="mini-me2.local"><testcase classname="tests.api.test_app_config_endpoint" name="test_app_config_requires_auth_when_sso_enabled" time="0.004" /><testcase classname="tests.api.test_app_config_endpoint" name="test_app_config_returns_defaults" time="0.004" /><testcase classname="tests.api.test_auth_route_protection" name="test_public_routes_not_blocked_by_auth_without_token[/]" time="0.002" /><testcase classname="tests.api.test_auth_route_protection" name="test_public_routes_not_blocked_by_auth_without_token[/v1/login]" time="0.002" /><testcase classname="tests.api.test_auth_route_protection" name="test_protected_routes_require_token[/api/v1/health]" time="0.002" /><testcase classname="tests.api.test_auth_route_protection" name="test_protected_routes_require_token[/api/v1/readiness]" time="0.001" /><testcase classname="tests.api.test_auth_route_protection" name="test_protected_routes_require_token[/api/v1/rules/rule-email-format]" time="0.001" /><testcase classname="tests.api.test_auth_route_protection" name="test_protected_routes_require_token[/api/v1/data-products]" time="0.002" /><testcase classname="tests.api.test_auth_route_protection" name="test_protected_routes_require_token[/api/v1/data-sets]" time="0.001" /><testcase classname="tests.api.test_auth_route_protection" name="test_protected_routes_require_token[/api/v1/rule-attributes]" time="0.001" /><testcase classname="tests.api.test_auth_route_protection" name="test_protected_routes_require_token[/api/v1/data-objects-catalog]" time="0.001" /><testcase classname="tests.api.test_auth_route_protection" name="test_protected_routes_require_token[/api/v1/data-object-versions]" time="0.001" /><testcase classname="tests.api.test_auth_route_protection" name="test_protected_routes_require_token[/api/v1/attributes-catalog]" time="0.001" /><testcase classname="tests.api.test_auth_route_protection" name="test_protected_routes_require_token[/api/v1/data-deliveries]" time="0.001" /><testcase classname="tests.api.test_auth_route_protection" name="test_protected_routes_require_token[/api/v1/attribute-rule-counts]" time="0.001" /><testcase classname="tests.api.test_auth_route_protection" name="test_protected_routes_require_token[/api/v1/system-info]" time="0.001" /><testcase classname="tests.api.test_auth_route_protection" name="test_protected_routes_require_token[/api/v1/app-config]" time="0.001" /><testcase classname="tests.api.test_auth_route_protection" name="test_protected_routes_require_token[/api/v1/batch-test-requests]" time="0.002" /><testcase classname="tests.api.test_auth_route_protection" name="test_protected_routes_require_token[/api/v1/batch-test-requests/test-123]" time="0.001" /><testcase classname="tests.api.test_data_catalog_endpoints" name="test_data_products_requires_auth" time="0.001" /><testcase classname="tests.api.test_data_catalog_endpoints" name="test_data_products_returns_paginated_rows" time="0.003" /><testcase classname="tests.api.test_data_catalog_endpoints" name="test_data_sets_support_legacy_query_params" time="0.002" /><testcase classname="tests.api.test_data_catalog_endpoints" name="test_data_objects_catalog_filters_by_data_set" time="0.002" /><testcase classname="tests.api.test_data_catalog_endpoints" name="test_data_object_versions_sort_descending" time="0.002" /><testcase classname="tests.api.test_data_catalog_endpoints" name="test_attributes_catalog_filters_by_version" time="0.003" /><testcase classname="tests.api.test_data_catalog_endpoints" name="test_data_deliveries_filters_by_version" time="0.002" /><testcase classname="tests.api.test_data_catalog_endpoints" name="test_rule_attributes_returns_read_only_mapping" time="0.002" /><testcase classname="tests.api.test_data_catalog_endpoints" name="test_attribute_rule_counts_returns_map" time="0.002" /><testcase classname="tests.api.test_rules_endpoint" name="test_get_rule_endpoint_requires_bearer_token" time="0.001" /><testcase classname="tests.api.test_rules_endpoint" name="test_get_rule_endpoint_returns_enriched_rule" time="0.004" /><testcase classname="tests.api.test_rules_endpoint" name="test_get_rule_endpoint_rejects_missing_scope" time="0.002" /><testcase classname="tests.api.test_rules_endpoint" name="test_get_rule_endpoint_returns_not_found_for_missing_rule" time="0.003" /><testcase classname="tests.api.test_rules_endpoint" name="test_health_endpoint_returns_ok_with_auth" time="0.002" /><testcase classname="tests.api.test_rules_endpoint" name="test_readiness_endpoint_returns_ready_with_auth" time="0.002" /><testcase classname="tests.api.test_system_endpoint" name="test_system_info_requires_auth" time="0.001" /><testcase classname="tests.api.test_system_endpoint" name="test_system_info_returns_expected_shape" time="0.003" /><testcase classname="tests.api.test_testing_endpoint" name="test_batch_test_requests_requires_test_scope" time="0.001" /><testcase classname="tests.api.test_testing_endpoint" name="test_batch_test_requests_list_defaults_to_empty" time="0.003" /><testcase classname="tests.api.test_testing_endpoint" name="test_batch_test_request_by_id_defaults_to_null" time="0.002" /><testcase classname="tests.unit.test_app_config_repository" name="test_in_memory_app_config_applies_sso_overrides" time="0.000" /><testcase classname="tests.unit.test_app_config_repository" name="test_postgres_app_config_parses_key_value_rows" time="0.000" /><testcase classname="tests.unit.test_app_config_repository" name="test_postgres_app_config_falls_back_to_legacy_row_shape" time="0.000" /><testcase classname="tests.unit.test_app_config_repository" name="test_postgres_app_config_coercion_helpers_cover_json_and_invalid_number" time="0.000" /><testcase classname="tests.unit.test_app_config_repository" name="test_app_config_dependency_uses_in_memory_without_database" time="0.001" /><testcase classname="tests.unit.test_app_config_repository" name="test_app_config_dependency_uses_postgres_with_database" time="0.001" /><testcase classname="tests.unit.test_auth_compatibility" name="test_normalize_auth_path_strips_api_prefix" time="0.000" /><testcase classname="tests.unit.test_auth_compatibility" name="test_public_route_only_allows_homepage_and_login" time="0.000" /><testcase classname="tests.unit.test_auth_compatibility" name="test_required_scopes_follow_legacy_mapping" time="0.000" /><testcase classname="tests.unit.test_auth_compatibility" name="test_scope_collection_and_expansion" time="0.000" /><testcase classname="tests.unit.test_auth_compatibility" name="test_role_mapping_preserves_legacy_semantics" time="0.000" /><testcase classname="tests.unit.test_auth_compatibility" name="test_build_principal_accepts_expected_jwt" time="0.001" /><testcase classname="tests.unit.test_auth_compatibility" name="test_build_principal_rejects_wrong_issuer" time="0.001" /><testcase classname="tests.unit.test_auth_compatibility" name="test_get_bearer_token_supports_gateway_headers" time="0.000" /><testcase classname="tests.unit.test_data_catalog_repository" name="test_postgres_repository_builds_data_product_query" time="0.000" /><testcase classname="tests.unit.test_data_catalog_repository" name="test_postgres_repository_builds_data_set_query_filters" time="0.000" /><testcase classname="tests.unit.test_data_catalog_repository" name="test_postgres_repository_builds_rule_attribute_and_count_queries" time="0.000" /><testcase classname="tests.unit.test_data_catalog_repository" name="test_postgres_repository_builds_remaining_catalog_queries" time="0.000" /><testcase classname="tests.unit.test_data_catalog_repository" name="test_data_catalog_dependency_uses_in_memory_without_database" time="0.001" /><testcase classname="tests.unit.test_data_catalog_repository" name="test_data_catalog_dependency_uses_postgres_with_database" time="0.001" /><testcase classname="tests.unit.test_get_rule_details" name="test_get_rule_details_returns_entity_for_known_rule" time="0.000" /><testcase classname="tests.unit.test_get_rule_details" name="test_get_rule_details_raises_404_for_unknown_rule" time="0.000" /><testcase classname="tests.unit.test_request_context" name="test_request_auth_context_round_trip" time="0.000" /><testcase classname="tests.unit.test_rule_resolver" name="test_resolve_rule_view_enriches_created_by_and_tags" time="0.001" /><testcase classname="tests.unit.test_shared_schemas" name="test_pagination_models_validate" time="0.000" /><testcase classname="tests.unit.test_shared_schemas" name="test_problem_details_model_validate" time="0.000" /><testcase classname="tests.unit.test_system_repository" name="test_postgres_system_repository_parses_info_map" time="0.000" /><testcase classname="tests.unit.test_system_repository" name="test_system_dependency_uses_in_memory_without_database" time="0.001" /><testcase classname="tests.unit.test_system_repository" name="test_system_dependency_uses_postgres_with_database" time="0.001" /><testcase classname="tests.unit.test_testing_repository" name="test_postgres_testing_repository_builds_list_query_with_filters" time="0.000" /><testcase classname="tests.unit.test_testing_repository" name="test_postgres_testing_repository_get_single_request" time="0.000" /><testcase classname="tests.unit.test_testing_repository" name="test_testing_dependency_uses_in_memory_without_database" time="0.001" /><testcase classname="tests.unit.test_testing_repository" name="test_testing_dependency_uses_postgres_with_database" time="0.001" /></testsuite></testsuites>