<?xml version="1.0" encoding="utf-8"?><testsuites name="pytest tests"><testsuite name="pytest" errors="0" failures="0" skipped="2" tests="1214" time="59.799" timestamp="2026-04-21T21:16:28.771100+02:00" hostname="mini-me2.local"><testcase classname="tests.api.test_admin_endpoints" name="test_users_requires_auth" time="0.158" /><testcase classname="tests.api.test_admin_endpoints" name="test_users_returns_paginated_admin_view" time="0.135" /><testcase classname="tests.api.test_admin_endpoints" name="test_users_requires_manage_scope" time="0.122" /><testcase classname="tests.api.test_admin_endpoints" name="test_roles_returns_admin_roles" time="0.133" /><testcase classname="tests.api.test_admin_endpoints" name="test_create_and_update_role_round_trip" time="0.145" /><testcase classname="tests.api.test_admin_endpoints" name="test_update_user_returns_updated_admin_user" time="0.147" /><testcase classname="tests.api.test_admin_endpoints" name="test_update_user_requires_manage_scope" time="0.131" /><testcase classname="tests.api.test_admin_endpoints" name="test_reset_user_profile_returns_user_id" time="0.133" /><testcase classname="tests.api.test_admin_endpoints" name="test_reset_user_settings_returns_user_id" time="0.136" /><testcase classname="tests.api.test_admin_endpoints" name="test_update_user_returns_not_found_for_unknown_user" time="0.132" /><testcase classname="tests.api.test_admin_endpoints" name="test_reset_user_profile_returns_not_found_for_unknown_user" time="0.126" /><testcase classname="tests.api.test_admin_endpoints" name="test_reset_user_settings_returns_not_found_for_unknown_user" time="0.124" /><testcase classname="tests.api.test_admin_endpoints" name="test_update_user_returns_workspace_capacity_error" time="0.272" /><testcase classname="tests.api.test_admin_endpoints" name="test_admin_can_recover_removed_rule" time="0.199" /><testcase classname="tests.api.test_admin_endpoints" name="test_admin_recover_requires_manage_scope" time="0.124" /><testcase classname="tests.api.test_app_config_endpoint" name="test_app_config_requires_auth_when_sso_enabled" time="0.118" /><testcase classname="tests.api.test_app_config_endpoint" name="test_app_config_returns_defaults" time="0.121" /><testcase classname="tests.api.test_app_config_endpoint" name="test_put_app_config_updates_values" time="0.120" /><testcase classname="tests.api.test_app_config_endpoint" name="test_put_app_config_redacts_support_email_password" time="0.122" /><testcase classname="tests.api.test_app_config_endpoint" name="test_put_app_config_requires_manage_scope" time="0.120" /><testcase classname="tests.api.test_app_wiring_focus" name="test_api_router_contains_expected_routes" time="0.000" /><testcase classname="tests.api.test_app_wiring_focus" name="test_create_app_registers_middlewares_and_prefixes" time="0.292" /><testcase classname="tests.api.test_app_wiring_focus" name="test_create_app_instruments_fastapi" time="0.291" /><testcase classname="tests.api.test_app_wiring_focus" name="test_create_app_requires_database_when_configured" time="0.001" /><testcase classname="tests.api.test_approvals_effective_at" name="test_approvals_create_returns_effective_at" time="0.127" /><testcase classname="tests.api.test_approvals_effective_at" name="test_approvals_create_rejects_naive_effective_at" time="0.124" /><testcase classname="tests.api.test_approvals_effective_at" name="test_deactivation_approval_with_future_effective_at_fails_fast" time="0.132" /><testcase classname="tests.api.test_approvals_endpoint_focus" name="test_create_approval_rejects_invalid_rule_transition[asyncio]" time="0.001" /><testcase classname="tests.api.test_approvals_endpoint_focus" name="test_update_approval_rejects_invalid_approval_transition[asyncio]" time="0.001" /><testcase classname="tests.api.test_approvals_endpoint_focus" name="test_update_approval_allows_pending_to_approved[asyncio]" time="0.001" /><testcase classname="tests.api.test_approvals_endpoint_focus" name="test_create_approval_allows_deactivation_request_for_activated_rule[asyncio]" time="0.001" /><testcase classname="tests.api.test_approvals_endpoint_focus" name="test_create_approval_accepts_snake_case_payload[asyncio]" time="0.001" /><testcase classname="tests.api.test_approvals_endpoint_focus" name="test_update_approval_approved_deactivation_deactivates_rule[asyncio]" time="0.001" /><testcase classname="tests.api.test_approvals_endpoint_focus" name="test_update_approval_approved_deactivation_reversions_gx_suite_to_remaining_activated_rules[asyncio]" time="0.001" /><testcase classname="tests.api.test_approvals_endpoint_focus" name="test_update_approval_approved_deactivation_registers_disabled_empty_suite_version[asyncio]" time="0.001" /><testcase classname="tests.api.test_approvals_endpoints" name="test_approvals_requires_auth" time="0.122" /><testcase classname="tests.api.test_approvals_endpoints" name="test_approvals_returns_paginated_data" time="0.120" /><testcase classname="tests.api.test_approvals_endpoints" name="test_approvals_filters_by_workspace" time="0.123" /><testcase classname="tests.api.test_approvals_endpoints" name="test_approvals_filters_by_business_key" time="0.118" /><testcase classname="tests.api.test_approvals_endpoints" name="test_approvals_audit_returns_entries" time="0.118" /><testcase classname="tests.api.test_approvals_endpoints" name="test_approvals_requires_view_scope" time="0.116" /><testcase classname="tests.api.test_approvals_endpoints" name="test_approvals_create_requires_approve_scope" time="0.117" /><testcase classname="tests.api.test_approvals_endpoints" name="test_approvals_create_succeeds" time="0.120" /><testcase classname="tests.api.test_approvals_endpoints" name="test_approvals_create_supports_gx_run_plan_requests" time="0.122" /><testcase classname="tests.api.test_approvals_endpoints" name="test_approvals_create_rejects_incomplete_gx_run_plan_requests" time="0.118" /><testcase classname="tests.api.test_approvals_endpoints" name="test_approvals_update_blocks_self_approval" time="0.135" /><testcase classname="tests.api.test_approvals_endpoints" name="test_approvals_update_and_delete_permission_paths" time="0.140" /><testcase classname="tests.api.test_approvals_endpoints" name="test_reject_rule_appears_in_audit_trail" time="0.133" /><testcase classname="tests.api.test_approvals_endpoints" name="test_removed_rule_cannot_reenter_approval_until_recovered" time="0.293" /><testcase classname="tests.api.test_approvals_gx_suite_repair" name="test_create_approval_accepts_gx_suite_repair_without_rule_transition[asyncio]" time="0.001" /><testcase classname="tests.api.test_approvals_gx_suite_repair" name="test_update_approval_executes_gx_suite_repair_before_marking_approved[asyncio]" time="0.003" /><testcase classname="tests.api.test_approvals_gx_suite_repair" name="test_update_approval_repair_fails_fast_when_expectations_empty[asyncio]" time="0.001" /><testcase classname="tests.api.test_attribute_definition_mapping_endpoints" name="test_attributes_catalog_exposes_inherited_definition_mapping" time="0.136" /><testcase classname="tests.api.test_attribute_definition_mapping_endpoints" name="test_post_attribute_definition_mapping_overrides_inherited_mapping" time="0.134" /><testcase classname="tests.api.test_attribute_definition_mapping_endpoints" name="test_post_attribute_definition_mapping_fails_fast_for_unknown_definition" time="0.128" /><testcase classname="tests.api.test_attribute_definition_mapping_endpoints" name="test_list_registry_definitions_supports_query_filter" time="0.126" /><testcase classname="tests.api.test_auth_endpoint_flow_focus" name="test_login_and_logout_paths[asyncio]" time="0.225" /><testcase classname="tests.api.test_auth_endpoint_flow_focus" name="test_auth_redirect_and_callback_paths[asyncio]" time="0.127" /><testcase classname="tests.api.test_auth_endpoint_flow_focus" name="test_auth_callback_emits_custom_spans[asyncio]" time="0.117" /><testcase classname="tests.api.test_auth_endpoint_flow_focus" name="test_build_local_token_does_not_infer_scope_from_role_name" time="0.115" /><testcase classname="tests.api.test_auth_endpoints" name="test_login_returns_local_token_for_known_user" time="0.128" /><testcase classname="tests.api.test_auth_endpoints" name="test_login_returns_not_found_for_missing_user" time="0.122" /><testcase classname="tests.api.test_auth_endpoints" name="test_login_supports_sso_shortcut_when_enabled" time="0.120" /><testcase classname="tests.api.test_auth_endpoints" name="test_login_rejects_sso_when_not_configured" time="0.121" /><testcase classname="tests.api.test_auth_endpoints" name="test_logout_returns_ok_without_auth" time="0.122" /><testcase classname="tests.api.test_auth_endpoints" name="test_auth_redirect_returns_provider_url" time="0.120" /><testcase classname="tests.api.test_auth_endpoints" name="test_auth_redirect_rewrites_public_hostname_and_port_from_internal_discovery" time="0.120" /><testcase classname="tests.api.test_auth_endpoints" name="test_auth_redirect_prefers_explicit_public_callback_base" time="0.122" /><testcase classname="tests.api.test_auth_endpoints" name="test_auth_callback_sets_session_cookie_and_redirects_frontend" time="0.124" /><testcase classname="tests.api.test_auth_endpoints" name="test_auth_callback_rejects_invalid_state" time="0.120" /><testcase classname="tests.api.test_auth_endpoints" name="test_auth_redirect_rejects_missing_sso_configuration" time="0.121" /><testcase classname="tests.api.test_auth_endpoints" name="test_auth_callback_requires_access_token" time="0.124" /><testcase classname="tests.api.test_auth_endpoints" name="test_auth_callback_rejects_disabled_signup" time="0.132" /><testcase classname="tests.api.test_auth_endpoints" name="test_decode_jwt_claims_returns_none_for_invalid_payload" time="0.001" /><testcase classname="tests.api.test_auth_endpoints" name="test_normalize_frontend_origin_rejects_non_http_values" time="0.001" /><testcase classname="tests.api.test_auth_endpoints" name="test_build_backend_issuer_handles_parser_exception" time="0.001" /><testcase classname="tests.api.test_auth_endpoints" name="test_serialize_login_user_adds_granted_scopes_and_workspace" time="0.001" /><testcase classname="tests.api.test_auth_endpoints" name="test_auth_logout_redirect_returns_frontend_when_sso_not_configured" time="0.128" /><testcase classname="tests.api.test_auth_endpoints" name="test_auth_logout_redirect_includes_id_token_hint_when_present" time="0.168" /><testcase classname="tests.api.test_auth_endpoints" name="test_auth_callback_rejects_missing_state" time="0.123" /><testcase classname="tests.api.test_auth_endpoints" name="test_auth_callback_rejects_expired_state" time="0.120" /><testcase classname="tests.api.test_auth_endpoints" name="test_auth_callback_rejects_when_sso_config_missing_after_state_validation" time="0.127" /><testcase classname="tests.api.test_auth_endpoints" name="test_auth_callback_redirect_omits_id_token_when_provider_does_not_return_it" time="0.129" /><testcase classname="tests.api.test_auth_endpoints" name="test_auth_refresh_requires_refresh_token" time="0.120" /><testcase classname="tests.api.test_auth_endpoints" name="test_auth_refresh_returns_new_tokens" time="0.120" /><testcase classname="tests.api.test_auth_endpoints" name="test_refresh_uses_client_secret_when_configured" time="0.001" /><testcase classname="tests.api.test_auth_endpoints" name="test_exchange_code_uses_client_secret_when_configured" time="0.001" /><testcase classname="tests.api.test_auth_endpoints" name="test_auth_refresh_fails_fast_when_sso_is_not_configured" time="0.124" /><testcase classname="tests.api.test_auth_helpers" name="test_decode_claims_state_and_origin_helpers" time="0.001" /><testcase classname="tests.api.test_auth_helpers" name="test_build_local_token_and_backend_issuer_paths" time="0.119" /><testcase classname="tests.api.test_auth_helpers" name="test_exchange_oidc_code_success_and_failure[asyncio]" time="0.001" /><testcase classname="tests.api.test_auth_helpers" name="test_load_oidc_profile_uses_userinfo_and_token_fallback[asyncio]" time="0.001" /><testcase classname="tests.api.test_auth_route_protection" name="test_public_routes_not_blocked_by_auth_without_token[/]" time="0.118" /><testcase classname="tests.api.test_auth_route_protection" name="test_public_routes_not_blocked_by_auth_without_token[/health]" time="0.119" /><testcase classname="tests.api.test_auth_route_protection" name="test_public_routes_not_blocked_by_auth_without_token[/auth/v1/login]" time="0.118" /><testcase classname="tests.api.test_auth_route_protection" name="test_public_routes_not_blocked_by_auth_without_token[/auth/v1/callback]" time="0.120" /><testcase classname="tests.api.test_auth_route_protection" name="test_public_routes_not_blocked_by_auth_without_token[/api/system/v1/health]" time="0.121" /><testcase classname="tests.api.test_auth_route_protection" name="test_public_routes_not_blocked_by_auth_without_token[/api/system/v1/live]" time="0.120" /><testcase classname="tests.api.test_auth_route_protection" name="test_public_routes_not_blocked_by_auth_without_token[/api/system/v1/readiness]" time="0.127" /><testcase classname="tests.api.test_auth_route_protection" name="test_public_routes_not_blocked_by_auth_without_token[/api/system/v1/ready]" time="0.124" /><testcase classname="tests.api.test_auth_route_protection" name="test_public_routes_not_blocked_by_auth_without_token[/api/system/v1/system-info]" time="0.131" /><testcase classname="tests.api.test_auth_route_protection" name="test_protected_routes_require_token[/api/rulebuilder/v1/rules]" time="0.119" /><testcase classname="tests.api.test_auth_route_protection" name="test_protected_routes_require_token[/api/rulebuilder/v1/approvals]" time="0.120" /><testcase classname="tests.api.test_auth_route_protection" name="test_protected_routes_require_token[/api/rulebuilder/v1/approvals/audit]" time="0.122" /><testcase classname="tests.api.test_auth_route_protection" name="test_protected_routes_require_token[/api/rulebuilder/v1/workspaces]" time="0.121" /><testcase classname="tests.api.test_auth_route_protection" name="test_protected_routes_require_token[/api/admin/v1/users]" time="0.118" /><testcase classname="tests.api.test_auth_route_protection" name="test_protected_routes_require_token[/api/admin/v1/roles]" time="0.117" /><testcase classname="tests.api.test_auth_route_protection" name="test_protected_routes_require_token[/api/admin/v1/me]" time="0.118" /><testcase classname="tests.api.test_auth_route_protection" name="test_protected_routes_require_token[/api/rulebuilder/v1/rules/rule-email-format]" time="0.117" /><testcase classname="tests.api.test_auth_route_protection" name="test_protected_routes_require_token[/api/rulebuilder/v1/rules/rule-email-format/versions]" time="0.117" /><testcase classname="tests.api.test_auth_route_protection" name="test_protected_routes_require_token[/api/rulebuilder/v1/rules/rule-email-format/versions/rollback-history]" time="0.121" /><testcase classname="tests.api.test_auth_route_protection" name="test_protected_routes_require_token[/api/rulebuilder/v1/rules/rule-email-format/versions/stats]" time="0.118" /><testcase classname="tests.api.test_auth_route_protection" name="test_protected_routes_require_token[/api/rulebuilder/v1/rules/rule-email-format/versions/rv-000/compare/rv-001]" time="0.121" /><testcase classname="tests.api.test_auth_route_protection" name="test_protected_routes_require_token[/api/rulebuilder/v1/rules/rule-email-format/versions/rv-001]" time="0.118" /><testcase classname="tests.api.test_auth_route_protection" name="test_protected_routes_require_token[/api/data-catalog/v1/data-products]" time="0.117" /><testcase classname="tests.api.test_auth_route_protection" name="test_protected_routes_require_token[/api/data-catalog/v1/data-objects]" time="0.118" /><testcase classname="tests.api.test_auth_route_protection" name="test_protected_routes_require_token[/api/data-catalog/v1/data-sets]" time="0.116" /><testcase classname="tests.api.test_auth_route_protection" name="test_protected_routes_require_token[/api/data-catalog/v1/rule-attributes]" time="0.120" /><testcase classname="tests.api.test_auth_route_protection" name="test_protected_routes_require_token[/api/data-catalog/v1/data-objects-catalog]" time="0.120" /><testcase classname="tests.api.test_auth_route_protection" name="test_protected_routes_require_token[/api/data-catalog/v1/data-object-versions]" time="0.119" /><testcase classname="tests.api.test_auth_route_protection" name="test_protected_routes_require_token[/api/data-catalog/v1/attributes-catalog]" time="0.117" /><testcase classname="tests.api.test_auth_route_protection" name="test_protected_routes_require_token[/api/data-catalog/v1/data-deliveries]" time="0.116" /><testcase classname="tests.api.test_auth_route_protection" name="test_protected_routes_require_token[/api/data-catalog/v1/attribute-rule-counts]" time="0.119" /><testcase classname="tests.api.test_auth_route_protection" name="test_protected_routes_require_token[/api/system/v1/app-config]" time="0.116" /><testcase classname="tests.api.test_auth_route_protection" name="test_protected_routes_require_token[/api/rulebuilder/v1/batch-test-requests]" time="0.117" /><testcase classname="tests.api.test_auth_route_protection" name="test_protected_routes_require_token[/api/rulebuilder/v1/batch-test-requests/test-123]" time="0.119" /><testcase classname="tests.api.test_auth_route_protection" name="test_protected_routes_require_token[/api/rulebuilder/v1/test-proofs/rule-email-format]" time="0.120" /><testcase classname="tests.api.test_auth_route_protection" name="test_protected_mutation_route_requires_token" time="0.117" /><testcase classname="tests.api.test_auth_route_protection" name="test_public_logout_route_not_blocked_by_auth_without_token" time="0.122" /><testcase classname="tests.api.test_auth_route_protection" name="test_public_auth_redirect_route_not_blocked_by_auth_without_token" time="0.162" /><testcase classname="tests.api.test_auth_route_protection" name="test_protected_batch_test_create_route_requires_token" time="0.119" /><testcase classname="tests.api.test_auth_route_protection" name="test_protected_batch_test_run_route_requires_token" time="0.120" /><testcase classname="tests.api.test_auth_route_protection" name="test_protected_generate_test_data_route_requires_token" time="0.119" /><testcase classname="tests.api.test_auth_route_protection" name="test_protected_test_data_request_create_route_requires_token" time="0.118" /><testcase classname="tests.api.test_auth_route_protection" name="test_protected_test_with_data_route_requires_token" time="0.118" /><testcase classname="tests.api.test_auth_route_protection" name="test_protected_log_test_action_route_requires_token" time="0.116" /><testcase classname="tests.api.test_auth_route_protection" name="test_protected_test_with_generated_data_route_requires_token" time="0.121" /><testcase classname="tests.api.test_auth_route_protection" name="test_protected_version_tags_mutation_route_requires_token" time="0.119" /><testcase classname="tests.api.test_auth_route_protection" name="test_protected_mark_for_rollback_route_requires_token" time="0.120" /><testcase classname="tests.api.test_auth_route_protection" name="test_protected_rule_attributes_mutation_route_requires_token" time="0.118" /><testcase classname="tests.api.test_auth_route_protection" name="test_protected_app_config_mutation_route_requires_token" time="0.118" /><testcase classname="tests.api.test_auth_route_protection" name="test_protected_user_update_route_requires_token" time="0.117" /><testcase classname="tests.api.test_auth_route_protection" name="test_protected_user_reset_profile_route_requires_token" time="0.118" /><testcase classname="tests.api.test_auth_route_protection" name="test_protected_user_reset_settings_route_requires_token" time="0.117" /><testcase classname="tests.api.test_auth_route_protection" name="test_protected_me_update_route_requires_token" time="0.125" /><testcase classname="tests.api.test_catalog_governance_endpoints" name="test_catalog_health_and_terms_endpoints" time="0.154" /><testcase classname="tests.api.test_catalog_governance_endpoints" name="test_governance_drift_endpoints" time="0.155" /><testcase classname="tests.api.test_catalog_governance_endpoints" name="test_governance_revalidation_job_endpoints" time="0.131" /><testcase classname="tests.api.test_catalog_governance_helpers" name="test_term_key_normalizes_spaces_and_dashes" time="0.000" /><testcase classname="tests.api.test_catalog_governance_helpers" name="test_extract_aliases_returns_keys_only_for_dict_values" time="0.000" /><testcase classname="tests.api.test_catalog_governance_helpers" name="test_load_catalog_terms_skips_blank_and_duplicate_names" time="0.000" /><testcase classname="tests.api.test_catalog_governance_helpers" name="test_decode_revalidation_job_id_rejects_invalid_values" time="0.000" /><testcase classname="tests.api.test_catalog_governance_helpers" name="test_decode_revalidation_job_id_rejects_non_dict_payload" time="0.000" /><testcase classname="tests.api.test_catalog_governance_helpers" name="test_catalog_terms_filters_by_domain_and_search[asyncio]" time="0.001" /><testcase classname="tests.api.test_catalog_governance_helpers" name="test_create_revalidation_job_requires_rule_versions[asyncio]" time="0.001" /><testcase classname="tests.api.test_catalog_governance_helpers" name="test_create_revalidation_job_defaults_triggered_by_term_name[asyncio]" time="0.001" /><testcase classname="tests.api.test_catalog_governance_helpers" name="test_get_revalidation_job_status_rejects_unknown_job[asyncio]" time="0.001" /><testcase classname="tests.api.test_catalog_governance_helpers" name="test_get_revalidation_job_status_uses_encoded_metadata_defaults[asyncio]" time="0.001" /><testcase classname="tests.api.test_common_schemas" name="test_health_endpoint_snake_case" time="0.120" /><testcase classname="tests.api.test_common_schemas" name="test_system_info_snake_case" time="0.129" /><testcase classname="tests.api.test_correlation_lifecycle_logging" name="test_same_correlation_id_in_multi_step_gx_lifecycle[asyncio]" time="0.002" /><testcase classname="tests.api.test_data_catalog_endpoints" name="test_data_products_requires_auth" time="0.120" /><testcase classname="tests.api.test_data_catalog_endpoints" name="test_data_products_returns_paginated_rows" time="0.120" /><testcase classname="tests.api.test_data_catalog_endpoints" name="test_data_products_can_filter_by_business_key" time="0.122" /><testcase classname="tests.api.test_data_catalog_endpoints" name="test_data_objects_returns_rows" time="0.124" /><testcase classname="tests.api.test_data_catalog_endpoints" name="test_data_objects_can_filter_by_business_key" time="0.121" /><testcase classname="tests.api.test_data_catalog_endpoints" name="test_data_sets_support_legacy_query_params" time="0.120" /><testcase classname="tests.api.test_data_catalog_endpoints" name="test_data_sets_can_filter_by_business_key" time="0.119" /><testcase classname="tests.api.test_data_catalog_endpoints" name="test_data_objects_catalog_filters_by_data_set" time="0.124" /><testcase classname="tests.api.test_data_catalog_endpoints" name="test_data_objects_catalog_can_filter_by_business_key" time="0.119" /><testcase classname="tests.api.test_data_catalog_endpoints" name="test_data_object_versions_sort_descending" time="0.120" /><testcase classname="tests.api.test_data_catalog_endpoints" name="test_attributes_catalog_filters_by_version" time="0.119" /><testcase classname="tests.api.test_data_catalog_endpoints" name="test_attributes_catalog_can_filter_business_key_attributes" time="0.122" /><testcase classname="tests.api.test_data_catalog_endpoints" name="test_data_deliveries_filters_by_version" time="0.122" /><testcase classname="tests.api.test_data_catalog_endpoints" name="test_data_deliveries_can_filter_by_business_key" time="0.130" /><testcase classname="tests.api.test_data_catalog_endpoints" name="test_data_deliveries_filters_by_data_object_version_id" time="0.121" /><testcase classname="tests.api.test_data_catalog_endpoints" name="test_data_delivery_note_returns_rich_detail" time="0.122" /><testcase classname="tests.api.test_data_catalog_endpoints" name="test_data_delivery_note_includes_execution_summary_and_references" time="0.121" /><testcase classname="tests.api.test_data_catalog_endpoints" name="test_data_delivery_note_exposes_delivery_format_warning" time="0.123" /><testcase classname="tests.api.test_data_catalog_endpoints" name="test_data_delivery_note_backfills_missing_storage_details" time="0.121" /><testcase classname="tests.api.test_data_catalog_endpoints" name="test_data_delivery_note_does_not_hit_storage_by_default" time="0.121" /><testcase classname="tests.api.test_data_catalog_endpoints" name="test_delivery_inventory_filters_by_workspace_and_reports_storage" time="0.123" /><testcase classname="tests.api.test_data_catalog_endpoints" name="test_rule_attributes_returns_read_only_mapping" time="0.120" /><testcase classname="tests.api.test_data_catalog_endpoints" name="test_post_rule_attributes_returns_added_count" time="0.124" /><testcase classname="tests.api.test_data_catalog_endpoints" name="test_post_rule_attributes_requires_write_scope" time="0.118" /><testcase classname="tests.api.test_data_catalog_endpoints" name="test_attribute_rule_counts_returns_map" time="0.120" /><testcase classname="tests.api.test_data_contracts_endpoints" name="test_list_data_contracts_returns_contract_inventory" time="0.126" /><testcase classname="tests.api.test_data_contracts_endpoints" name="test_get_data_contract_supports_yaml_and_json" time="0.137" /><testcase classname="tests.api.test_data_contracts_endpoints" name="test_get_quality_rules_extracts_quality_section" time="0.136" /><testcase classname="tests.api.test_data_contracts_endpoints" name="test_data_contracts_fail_fast_when_contracts_dir_missing" time="0.122" /><testcase classname="tests.api.test_delivery_linked_execution_endpoints" name="test_post_data_delivery_execution_request_resolves_applicable_suites_and_run_plans" time="0.134" /><testcase classname="tests.api.test_delivery_linked_execution_endpoints" name="test_post_data_delivery_execution_request_accepts_gx_suite_selector" time="0.139" /><testcase classname="tests.api.test_delivery_linked_execution_endpoints" name="test_post_data_delivery_execution_request_accepts_run_plan_selector" time="0.133" /><testcase classname="tests.api.test_delivery_linked_execution_endpoints" name="test_post_data_delivery_execution_request_executes_selected_suite_with_pinned_delivery" time="0.132" /><testcase classname="tests.api.test_delivery_linked_execution_endpoints" name="test_get_data_delivery_execution_status_returns_linked_run" time="0.131" /><testcase classname="tests.api.test_delivery_linked_execution_endpoints" name="test_get_data_delivery_execution_status_rejects_delivery_mismatch" time="0.132" /><testcase classname="tests.api.test_delivery_linked_execution_endpoints" name="test_get_data_delivery_execution_status_rejects_missing_run" time="0.128" /><testcase classname="tests.api.test_delivery_linked_execution_endpoints" name="test_delivery_linked_execution_failure_reports_run_and_violations_separately" time="0.135" /><testcase classname="tests.api.test_delivery_linked_execution_endpoints" name="test_post_data_delivery_execution_request_executes_grouped_delivery_with_pinned_delivery" time="0.131" /><testcase classname="tests.api.test_delivery_linked_execution_endpoints" name="test_post_data_delivery_execution_request_rejects_incompatible_suite_selector" time="0.126" /><testcase classname="tests.api.test_delivery_linked_execution_endpoints" name="test_post_data_delivery_execution_request_rejects_no_applicable_suites" time="0.127" /><testcase classname="tests.api.test_delivery_linked_execution_endpoints" name="test_post_data_delivery_execution_request_rejects_missing_delivery" time="0.127" /><testcase classname="tests.api.test_delivery_linked_execution_endpoints" name="test_post_data_delivery_execution_request_rejects_missing_delivery_format" time="0.131" /><testcase classname="tests.api.test_endpoint_branch_sweep" name="test_admin_endpoints_cover_remaining_branches[asyncio]" time="0.002" /><testcase classname="tests.api.test_endpoint_branch_sweep" name="test_admin_endpoint_error_paths_for_update_and_reset[asyncio]" time="0.001" /><testcase classname="tests.api.test_endpoint_branch_sweep" name="test_approvals_endpoints_cover_audit_and_delete_paths[asyncio]" time="0.002" /><testcase classname="tests.api.test_endpoint_branch_sweep" name="test_data_catalog_and_workspaces_and_health_and_system_endpoints[asyncio]" time="0.001" /><testcase classname="tests.api.test_endpoint_branch_sweep" name="test_system_build_date_uses_env_override" time="0.000" /><testcase classname="tests.api.test_endpoint_focus" name="test_admin_get_users_filters_sorts_and_paginates[asyncio]" time="0.001" /><testcase classname="tests.api.test_endpoint_focus" name="test_admin_update_user_raises_400_on_value_error[asyncio]" time="0.002" /><testcase classname="tests.api.test_endpoint_focus" name="test_admin_get_me_raises_401_when_missing[asyncio]" time="0.001" /><testcase classname="tests.api.test_endpoint_focus" name="test_admin_get_me_emits_custom_span[asyncio]" time="0.001" /><testcase classname="tests.api.test_endpoint_focus" name="test_activate_rule_emits_custom_spans[asyncio]" time="0.001" /><testcase classname="tests.api.test_endpoint_focus" name="test_run_batch_test_request_emits_execution_span[asyncio]" time="0.001" /><testcase classname="tests.api.test_endpoint_focus" name="test_test_rule_with_data_emits_execution_span[asyncio]" time="0.001" /><testcase classname="tests.api.test_endpoint_focus" name="test_test_rule_with_generated_data_emits_execution_span[asyncio]" time="0.003" /><testcase classname="tests.api.test_endpoint_focus" name="test_workspaces_create_workspace_raises_400_on_limit[asyncio]" time="0.001" /><testcase classname="tests.api.test_endpoint_focus" name="test_workspaces_delete_default_rejected[asyncio]" time="0.001" /><testcase classname="tests.api.test_endpoint_focus" name="test_approvals_update_requires_actor[asyncio]" time="0.001" /><testcase classname="tests.api.test_endpoint_focus" name="test_approvals_update_maps_permission_error_to_403[asyncio]" time="0.001" /><testcase classname="tests.api.test_endpoint_focus" name="test_approvals_update_returns_404_when_not_found[asyncio]" time="0.001" /><testcase classname="tests.api.test_endpoint_focus" name="test_data_catalog_get_data_products_returns_paginated_view[asyncio]" time="0.001" /><testcase classname="tests.api.test_endpoint_focus" name="test_testing_batch_endpoints_map_outputs[asyncio]" time="0.002" /><testcase classname="tests.api.test_endpoint_focus" name="test_app_config_get_and_put[asyncio]" time="0.001" /><testcase classname="tests.api.test_endpoint_focus" name="test_system_endpoint_maps_repository_values[asyncio]" time="0.001" /><testcase classname="tests.api.test_endpoint_focus" name="test_workspaces_get_and_update_paths[asyncio]" time="0.001" /><testcase classname="tests.api.test_endpoint_focus" name="test_approvals_list_and_create_paths[asyncio]" time="0.001" /><testcase classname="tests.api.test_endpoint_focus" name="test_system_read_version_and_build_date_fallback" time="0.000" /><testcase classname="tests.api.test_gx_endpoint" name="test_list_gx_suites_by_data_object[asyncio]" time="0.001" /><testcase classname="tests.api.test_gx_endpoint" name="test_list_gx_suites_by_data_object_version[asyncio]" time="0.001" /><testcase classname="tests.api.test_gx_endpoint" name="test_list_gx_suites_by_rule_id[asyncio]" time="0.001" /><testcase classname="tests.api.test_gx_endpoint" name="test_adhoc_runs_requires_selector[asyncio]" time="0.119" /><testcase classname="tests.api.test_gx_endpoint" name="test_adhoc_runs_enqueues_dispatch_with_overrides[asyncio]" time="0.119" /><testcase classname="tests.api.test_gx_endpoint" name="test_adhoc_join_pair_runs_enqueue_materialization_handoff[asyncio]" time="0.118" /><testcase classname="tests.api.test_gx_endpoint" name="test_create_gx_run_plan_creates_draft_snapshot[asyncio]" time="0.001" /><testcase classname="tests.api.test_gx_endpoint" name="test_create_gx_run_plan_records_gx_telemetry[asyncio]" time="0.001" /><testcase classname="tests.api.test_gx_endpoint" name="test_list_gx_run_plans_filters_by_workspace[asyncio]" time="0.001" /><testcase classname="tests.api.test_gx_endpoint" name="test_list_gx_run_plans_filters_by_business_key[asyncio]" time="0.001" /><testcase classname="tests.api.test_gx_endpoint" name="test_get_gx_run_plan_returns_detail[asyncio]" time="0.001" /><testcase classname="tests.api.test_gx_endpoint" name="test_get_gx_run_plan_not_found_records_gx_failure[asyncio]" time="0.001" /><testcase classname="tests.api.test_gx_endpoint" name="test_create_gx_run_plan_version_appends_new_draft_version[asyncio]" time="0.001" /><testcase classname="tests.api.test_gx_endpoint" name="test_list_gx_run_plans_filters_by_suite[asyncio]" time="0.001" /><testcase classname="tests.api.test_gx_endpoint" name="test_activate_gx_run_plan_version_schedules_dispatch[asyncio]" time="0.118" /><testcase classname="tests.api.test_gx_endpoint" name="test_transition_run_plan_version_governance_states[asyncio]" time="0.001" /><testcase classname="tests.api.test_gx_endpoint" name="test_validate_run_plan_version_updates_status_to_pending_review[asyncio]" time="0.001" /><testcase classname="tests.api.test_gx_endpoint" name="test_validate_run_plan_version_rejects_malformed_suite_snapshot[asyncio]" time="0.002" /><testcase classname="tests.api.test_gx_endpoint" name="test_validate_run_plan_version_rejects_missing_execution_contract_snapshot[asyncio]" time="0.001" /><testcase classname="tests.api.test_gx_endpoint" name="test_validate_grouped_scope_run_plan_version_rejects_invalid_grouped_suite_snapshot[asyncio]" time="0.001" /><testcase classname="tests.api.test_gx_endpoint" name="test_activate_run_plan_version_rejects_malformed_suite_snapshot[asyncio]" time="0.001" /><testcase classname="tests.api.test_gx_endpoint" name="test_transition_to_activation_requested_creates_pending_approval[asyncio]" time="0.001" /><testcase classname="tests.api.test_gx_endpoint" name="test_transition_to_activation_requested_rejects_existing_pending_dict_approval[asyncio]" time="0.001" /><testcase classname="tests.api.test_gx_endpoint" name="test_active_run_plan_spawns_new_pending_branch_version[asyncio]" time="0.118" /><testcase classname="tests.api.test_gx_endpoint" name="test_create_grouped_scope_run_plan_uses_run_plan_shape[asyncio]" time="0.001" /><testcase classname="tests.api.test_gx_endpoint" name="test_activate_grouped_scope_run_plan_enqueues_grouped_dispatch[asyncio]" time="0.122" /><testcase classname="tests.api.test_gx_endpoint" name="test_list_gx_suites_rejects_multiple_primary_scopes[asyncio]" time="0.002" /><testcase classname="tests.api.test_gx_endpoint" name="test_create_gx_assistance_request_uses_configured_itsm_system[asyncio]" time="0.001" /><testcase classname="tests.api.test_gx_endpoint" name="test_create_gx_assistance_request_requires_itsm_system[asyncio]" time="0.001" /><testcase classname="tests.api.test_gx_endpoint" name="test_create_gx_assistance_request_requires_zammad_api_token[asyncio]" time="0.001" /><testcase classname="tests.api.test_gx_endpoint" name="test_list_gx_suites_rejects_invalid_odcs_data_product[asyncio]" time="0.001" /><testcase classname="tests.api.test_gx_endpoint" name="test_get_gx_suite_returns_payload_and_forwards_suite_version[asyncio]" time="0.001" /><testcase classname="tests.api.test_gx_endpoint" name="test_get_gx_suite_returns_404_when_not_found[asyncio]" time="0.001" /><testcase classname="tests.api.test_gx_endpoint" name="test_get_gx_suite_rejects_invalid_suite_version[asyncio]" time="0.001" /><testcase classname="tests.api.test_gx_endpoint" name="test_start_gx_suite_run_returns_handoff_payload[asyncio]" time="0.001" /><testcase classname="tests.api.test_gx_endpoint" name="test_get_gx_execution_run_returns_persisted_run[asyncio]" time="0.002" /><testcase classname="tests.api.test_gx_endpoint" name="test_get_gx_execution_run_status_history_returns_entries[asyncio]" time="0.001" /><testcase classname="tests.api.test_gx_endpoint" name="test_get_gx_execution_exception_analytics_aggregates_persisted_violations[asyncio]" time="0.001" /><testcase classname="tests.api.test_gx_endpoint" name="test_report_gx_execution_run_persists_diagnostics_as_violations[asyncio]" time="0.119" /><testcase classname="tests.api.test_gx_endpoint" name="test_report_gx_execution_run_does_not_persist_generic_failure_violation_when_diagnostics_missing[asyncio]" time="0.001" /><testcase classname="tests.api.test_gx_endpoint" name="test_report_gx_execution_run_rejects_diagnostic_without_data_primary_key[asyncio]" time="0.116" /><testcase classname="tests.api.test_gx_endpoint" name="test_start_gx_suite_run_returns_404_when_not_found[asyncio]" time="0.001" /><testcase classname="tests.api.test_gx_endpoint" name="test_start_gx_suite_run_rejects_missing_execution_contract[asyncio]" time="0.001" /><testcase classname="tests.api.test_gx_endpoint" name="test_start_gx_suite_run_rejects_empty_expectations[asyncio]" time="0.001" /><testcase classname="tests.api.test_gx_endpoint" name="test_schedule_gx_suite_run_queues_dispatch_payload[asyncio]" time="0.120" /><testcase classname="tests.api.test_gx_endpoint" name="test_schedule_join_pair_gx_suite_run_queues_materialization_handoff[asyncio]" time="0.118" /><testcase classname="tests.api.test_gx_endpoint" name="test_schedule_gx_suite_run_rejects_missing_dispatch_queue[asyncio]" time="0.119" /><testcase classname="tests.api.test_gx_endpoint" name="test_schedule_gx_suite_run_rejects_missing_worker_heartbeat[asyncio]" time="0.120" /><testcase classname="tests.api.test_gx_endpoint" name="test_save_gx_suite_persists_envelope[asyncio]" time="0.001" /><testcase classname="tests.api.test_gx_endpoint" name="test_save_gx_suite_emits_custom_span[asyncio]" time="0.001" /><testcase classname="tests.api.test_gx_endpoint" name="test_save_gx_suite_passes_expected_hash[asyncio]" time="0.001" /><testcase classname="tests.api.test_gx_endpoint" name="test_save_gx_suite_returns_409_on_hash_conflict[asyncio]" time="0.004" /><testcase classname="tests.api.test_gx_endpoint" name="test_patch_gx_suite_status_updates_and_returns_envelope[asyncio]" time="0.001" /><testcase classname="tests.api.test_gx_endpoint" name="test_patch_gx_suite_status_with_explicit_version[asyncio]" time="0.001" /><testcase classname="tests.api.test_gx_endpoint" name="test_patch_gx_suite_status_returns_404_when_not_found[asyncio]" time="0.001" /><testcase classname="tests.api.test_gx_endpoint" name="test_get_gx_suite_status_history_returns_trail[asyncio]" time="0.001" /><testcase classname="tests.api.test_gx_endpoint" name="test_get_gx_suite_status_history_filters_by_version[asyncio]" time="0.001" /><testcase classname="tests.api.test_gx_endpoint" name="test_get_gx_suite_status_history_returns_empty_list_for_unknown_suite[asyncio]" time="0.001" /><testcase classname="tests.api.test_gx_endpoint" name="test_build_run_summary_includes_failed_record_count" time="0.000" /><testcase classname="tests.api.test_gx_queue_status" name="test_queue_status_fails_fast_without_redis_url" time="0.128" /><testcase classname="tests.api.test_gx_queue_status" name="test_queue_status_reports_position" time="0.126" /><testcase classname="tests.api.test_gx_queue_status" name="test_active_worker_check_fails_fast_without_heartbeat[asyncio]" time="0.001" /><testcase classname="tests.api.test_gx_queue_status" name="test_active_worker_check_accepts_present_heartbeat[asyncio]" time="0.001" /><testcase classname="tests.api.test_gx_recent_runs_browse" name="test_recent_runs_endpoint_filters_by_rule_and_data_object_name[asyncio]" time="0.130" /><testcase classname="tests.api.test_internal_api_contract_validation" name="test_internal_api_contract_validation_rejects_camel_case_request_keys" time="0.125" /><testcase classname="tests.api.test_internal_api_contract_validation" name="test_internal_api_contract_validation_rejects_invalid_json_payload" time="0.124" /><testcase classname="tests.api.test_internal_api_contract_validation" name="test_internal_api_contract_validation_rejects_json_body_without_request_schema" time="0.126" /><testcase classname="tests.api.test_list_endpoints_non_empty" name="test_seeded_list_endpoints_return_at_least_one_entry[/api/admin/v1/users-data-scopes0]" time="0.209" /><testcase classname="tests.api.test_list_endpoints_non_empty" name="test_seeded_list_endpoints_return_at_least_one_entry[/api/admin/v1/roles-None-scopes1]" time="0.123" /><testcase classname="tests.api.test_list_endpoints_non_empty" name="test_seeded_list_endpoints_return_at_least_one_entry[/api/rulebuilder/v1/approvals-data-scopes2]" time="0.130" /><testcase classname="tests.api.test_list_endpoints_non_empty" name="test_seeded_list_endpoints_return_at_least_one_entry[/api/rulebuilder/v1/approvals/audit-None-scopes3]" time="0.128" /><testcase classname="tests.api.test_list_endpoints_non_empty" name="test_seeded_list_endpoints_return_at_least_one_entry[/api/rulebuilder/v1/workspaces-data-scopes4]" time="0.126" /><testcase classname="tests.api.test_list_endpoints_non_empty" name="test_seeded_list_endpoints_return_at_least_one_entry[/api/rulebuilder/v1/rules-data-scopes5]" time="0.134" /><testcase classname="tests.api.test_list_endpoints_non_empty" name="test_seeded_list_endpoints_return_at_least_one_entry[/api/data-catalog/v1/data-products-data-scopes6]" time="0.127" /><testcase classname="tests.api.test_list_endpoints_non_empty" name="test_seeded_list_endpoints_return_at_least_one_entry[/api/data-catalog/v1/data-objects-None-scopes7]" time="0.125" /><testcase classname="tests.api.test_list_endpoints_non_empty" name="test_seeded_list_endpoints_return_at_least_one_entry[/api/data-catalog/v1/data-sets-data-scopes8]" time="0.130" /><testcase classname="tests.api.test_list_endpoints_non_empty" name="test_seeded_list_endpoints_return_at_least_one_entry[/api/data-catalog/v1/rule-attributes-None-scopes9]" time="0.125" /><testcase classname="tests.api.test_list_endpoints_non_empty" name="test_seeded_list_endpoints_return_at_least_one_entry[/api/data-catalog/v1/data-objects-catalog-data-scopes10]" time="0.126" /><testcase classname="tests.api.test_list_endpoints_non_empty" name="test_seeded_list_endpoints_return_at_least_one_entry[/api/data-catalog/v1/data-object-versions-data-scopes11]" time="0.126" /><testcase classname="tests.api.test_list_endpoints_non_empty" name="test_seeded_list_endpoints_return_at_least_one_entry[/api/data-catalog/v1/attributes-catalog-data-scopes12]" time="0.133" /><testcase classname="tests.api.test_list_endpoints_non_empty" name="test_seeded_list_endpoints_return_at_least_one_entry[/api/data-catalog/v1/data-deliveries-data-scopes13]" time="0.123" /><testcase classname="tests.api.test_list_endpoints_non_empty" name="test_seeded_list_endpoints_return_at_least_one_entry[/api/rulebuilder/v1/catalog/terms-terms-scopes14]" time="0.132" /><testcase classname="tests.api.test_list_endpoints_non_empty" name="test_seeded_list_endpoints_return_at_least_one_entry[/api/rulebuilder/v1/reusable-filters-None-scopes15]" time="0.141" /><testcase classname="tests.api.test_list_endpoints_non_empty" name="test_seeded_list_endpoints_return_at_least_one_entry[/api/rulebuilder/v1/reusable-joins-None-scopes16]" time="0.144" /><testcase classname="tests.api.test_list_endpoints_non_empty" name="test_seeded_list_endpoints_return_at_least_one_entry[/api/rulebuilder/v1/batch-test-requests-data-scopes17]" time="0.146" /><testcase classname="tests.api.test_list_endpoints_non_empty" name="test_rule_versions_list_returns_at_least_one_version" time="0.141" /><testcase classname="tests.api.test_list_endpoints_non_empty" name="test_rule_versions_compat_and_test_proofs_lists_return_at_least_one_entry" time="0.181" /><testcase classname="tests.api.test_me_endpoints" name="test_get_me_returns_current_user" time="0.120" /><testcase classname="tests.api.test_me_endpoints" name="test_get_me_returns_workspace_roles" time="0.120" /><testcase classname="tests.api.test_me_endpoints" name="test_get_me_resolves_user_by_email_claim" time="0.119" /><testcase classname="tests.api.test_me_endpoints" name="test_put_me_updates_preferences" time="0.123" /><testcase classname="tests.api.test_me_endpoints" name="test_put_me_requires_write_scope" time="0.123" /><testcase classname="tests.api.test_me_endpoints" name="test_get_me_returns_unauthorized_when_repository_cannot_resolve_user" time="0.123" /><testcase classname="tests.api.test_me_endpoints" name="test_put_me_returns_unauthorized_when_repository_cannot_resolve_user" time="0.122" /><testcase classname="tests.api.test_notifications_endpoint_focus" name="test_list_notifications_filters_by_actor_and_action[asyncio]" time="0.001" /><testcase classname="tests.api.test_profiling_endpoints" name="test_profiling_request_and_status" time="0.150" /><testcase classname="tests.api.test_registry_definitions_endpoint" name="test_get_registry_definition_returns_snake_case_payload" time="0.127" /><testcase classname="tests.api.test_registry_definitions_endpoint" name="test_get_registry_definition_maps_not_found_error" time="0.133" /><testcase classname="tests.api.test_registry_definitions_endpoint" name="test_get_registry_definition_maps_ambiguous_error" time="0.148" /><testcase classname="tests.api.test_registry_definitions_endpoint" name="test_get_registry_definition_maps_unavailable_error" time="0.129" /><testcase classname="tests.api.test_reusable_assets_helpers" name="test_validate_filter_expression_error_paths" time="0.001" /><testcase classname="tests.api.test_reusable_assets_helpers" name="test_validate_filter_expression_allows_valid_quoted_values" time="0.000" /><testcase classname="tests.api.test_reusable_assets_helpers" name="test_validate_filter_expression_allows_identifiers_starting_with_or_prefix" time="0.000" /><testcase classname="tests.api.test_reusable_assets_helpers" name="test_list_reusable_assets_forwards_workspace[asyncio]" time="0.001" /><testcase classname="tests.api.test_reusable_assets_helpers" name="test_create_reusable_filter_uses_fallback_fields_and_defaults[asyncio]" time="0.001" /><testcase classname="tests.api.test_reusable_assets_helpers" name="test_create_reusable_filter_rejects_missing_name[asyncio]" time="0.001" /><testcase classname="tests.api.test_reusable_assets_helpers" name="test_create_reusable_filter_propagates_expression_validation_error[asyncio]" time="0.001" /><testcase classname="tests.api.test_reusable_assets_helpers" name="test_create_reusable_join_handles_string_and_structured_payloads[asyncio]" time="0.001" /><testcase classname="tests.api.test_reusable_assets_helpers" name="test_create_reusable_join_rejects_invalid_inputs[asyncio]" time="0.001" /><testcase classname="tests.api.test_reusable_assets_helpers" name="test_delete_reusable_filter_error_paths[asyncio]" time="0.001" /><testcase classname="tests.api.test_reusable_assets_helpers" name="test_get_reusable_filter_returns_row_and_404_when_missing[asyncio]" time="0.001" /><testcase classname="tests.api.test_reusable_assets_helpers" name="test_update_reusable_filter_merges_and_validates[asyncio]" time="0.001" /><testcase classname="tests.api.test_reusable_assets_helpers" name="test_update_reusable_filter_returns_404_for_missing[asyncio]" time="0.001" /><testcase classname="tests.api.test_reusable_assets_helpers" name="test_delete_reusable_join_error_paths[asyncio]" time="0.001" /><testcase classname="tests.api.test_reusable_assets_helpers" name="test_get_reusable_join_returns_row_and_404_when_missing[asyncio]" time="0.001" /><testcase classname="tests.api.test_reusable_assets_helpers" name="test_update_reusable_join_merges_and_validates[asyncio]" time="0.001" /><testcase classname="tests.api.test_reusable_assets_helpers" name="test_update_reusable_join_returns_404_for_missing[asyncio]" time="0.001" /><testcase classname="tests.api.test_rule_compat_endpoints" name="test_aliases_resolve_returns_manual_and_unresolved" time="0.122" /><testcase classname="tests.api.test_rule_compat_endpoints" name="test_rule_versions_compat_returns_array" time="0.123" /><testcase classname="tests.api.test_rule_versions_endpoint" name="test_rule_versions_returns_paginated_history" time="0.122" /><testcase classname="tests.api.test_rule_versions_endpoint" name="test_rule_versions_requires_rules_view_scope" time="0.118" /><testcase classname="tests.api.test_rule_versions_endpoint" name="test_rule_versions_returns_not_found_for_missing_rule" time="0.119" /><testcase classname="tests.api.test_rule_versions_endpoint" name="test_rule_rollback_history_returns_paginated_data" time="0.122" /><testcase classname="tests.api.test_rule_versions_endpoint" name="test_rule_rollback_history_requires_read_scope" time="0.120" /><testcase classname="tests.api.test_rule_versions_endpoint" name="test_rule_rollback_history_returns_not_found_for_missing_rule" time="0.122" /><testcase classname="tests.api.test_rule_versions_endpoint" name="test_rule_version_stats_returns_payload" time="0.121" /><testcase classname="tests.api.test_rule_versions_endpoint" name="test_rule_version_stats_requires_read_scope" time="0.120" /><testcase classname="tests.api.test_rule_versions_endpoint" name="test_rule_version_stats_returns_not_found_for_missing_rule" time="0.121" /><testcase classname="tests.api.test_rule_versions_endpoint" name="test_compare_rule_versions_returns_diff" time="0.122" /><testcase classname="tests.api.test_rule_versions_endpoint" name="test_compare_rule_versions_requires_read_scope" time="0.119" /><testcase classname="tests.api.test_rule_versions_endpoint" name="test_compare_rule_versions_returns_not_found" time="0.124" /><testcase classname="tests.api.test_rule_versions_endpoint" name="test_rule_version_details_returns_payload" time="0.125" /><testcase classname="tests.api.test_rule_versions_endpoint" name="test_rule_version_details_not_found" time="0.144" /><testcase classname="tests.api.test_rule_versions_endpoint" name="test_rule_rollback_returns_accepted" time="0.126" /><testcase classname="tests.api.test_rule_versions_endpoint" name="test_rule_rollback_requires_write_scope" time="0.120" /><testcase classname="tests.api.test_rule_versions_endpoint" name="test_rule_rollback_rejects_current_version_target" time="0.129" /><testcase classname="tests.api.test_rule_versions_endpoint" name="test_rule_rollback_returns_not_found_for_missing_version" time="0.120" /><testcase classname="tests.api.test_rule_versions_endpoint" name="test_update_rule_version_tags_returns_updated_payload" time="0.123" /><testcase classname="tests.api.test_rule_versions_endpoint" name="test_update_rule_version_tags_requires_write_scope" time="0.122" /><testcase classname="tests.api.test_rule_versions_endpoint" name="test_update_rule_version_tags_returns_not_found_for_missing_version" time="0.124" /><testcase classname="tests.api.test_rule_versions_endpoint" name="test_mark_version_for_rollback_returns_updated_flag" time="0.123" /><testcase classname="tests.api.test_rule_versions_endpoint" name="test_mark_version_for_rollback_requires_write_scope" time="0.122" /><testcase classname="tests.api.test_rule_versions_endpoint" name="test_mark_version_for_rollback_returns_not_found" time="0.124" /><testcase classname="tests.api.test_rules_activate_effective_at" name="test_activate_rule_rejects_naive_effective_at" time="0.140" /><testcase classname="tests.api.test_rules_activate_effective_at" name="test_activate_rule_future_effective_at_fails_fast" time="0.140" /><testcase classname="tests.api.test_rules_endpoint" name="test_get_rule_endpoint_requires_bearer_token" time="0.120" /><testcase classname="tests.api.test_rules_endpoint" name="test_list_rules_endpoint_returns_paginated_data" time="0.128" /><testcase classname="tests.api.test_rules_endpoint" name="test_list_rules_endpoint_surfaces_latest_pending_deactivation_flag" time="0.122" /><testcase classname="tests.api.test_rules_endpoint" name="test_list_rules_endpoint_ignores_older_pending_deactivation_when_newer_request_is_closed" time="0.121" /><testcase classname="tests.api.test_rules_endpoint" name="test_list_rules_endpoint_rejects_missing_scope" time="0.119" /><testcase classname="tests.api.test_rules_endpoint" name="test_get_rule_endpoint_returns_enriched_rule" time="0.123" /><testcase classname="tests.api.test_rules_endpoint" name="test_get_rule_status_history_endpoint_returns_transition_trail" time="0.122" /><testcase classname="tests.api.test_rules_endpoint" name="test_get_rule_endpoint_rejects_missing_scope" time="0.119" /><testcase classname="tests.api.test_rules_endpoint" name="test_get_rule_endpoint_returns_not_found_for_missing_rule" time="0.121" /><testcase classname="tests.api.test_rules_endpoint" name="test_validate_rule_endpoint_returns_compiled_expression" time="0.125" /><testcase classname="tests.api.test_rules_endpoint" name="test_validate_rule_endpoint_surfaces_unsupported_keyword_diagnostics" time="0.122" /><testcase classname="tests.api.test_rules_endpoint" name="test_validate_rule_endpoint_rejects_aggregate_function_filters" time="0.121" /><testcase classname="tests.api.test_rules_endpoint" name="test_validate_rule_endpoint_persists_compiler_artifact" time="0.126" /><testcase classname="tests.api.test_rules_endpoint" name="test_validate_newly_created_regex_rule_persists_compiler_artifact" time="0.134" /><testcase classname="tests.api.test_rules_endpoint" name="test_rule_version_compiler_artifact_history_and_active_mapping" time="0.136" /><testcase classname="tests.api.test_rules_endpoint" name="test_rule_version_compiler_artifact_history_returns_not_found_for_missing_version" time="0.123" /><testcase classname="tests.api.test_rules_endpoint" name="test_list_compiler_versions_endpoint_requires_scope" time="0.121" /><testcase classname="tests.api.test_rules_endpoint" name="test_list_compiler_versions_endpoint_requires_bearer_token" time="0.120" /><testcase classname="tests.api.test_rules_endpoint" name="test_validate_rule_endpoint_returns_not_found_for_missing_rule" time="0.120" /><testcase classname="tests.api.test_rules_endpoint" name="test_create_rule_endpoint_returns_created_rule" time="0.123" /><testcase classname="tests.api.test_rules_endpoint" name="test_update_rule_endpoint_returns_updated_rule" time="0.128" /><testcase classname="tests.api.test_rules_endpoint" name="test_update_rule_rejects_direct_activation_flip" time="0.128" /><testcase classname="tests.api.test_rules_endpoint" name="test_activate_rule_endpoint_sets_rule_active" time="0.137" /><testcase classname="tests.api.test_rules_endpoint" name="test_delete_rule_requires_deactivated_status" time="0.132" /><testcase classname="tests.api.test_rules_endpoint" name="test_delete_rule_soft_deletes_after_deactivation_approval" time="0.141" /><testcase classname="tests.api.test_rules_endpoint" name="test_template_endpoint_creates_template_rule" time="0.128" /><testcase classname="tests.api.test_rules_endpoint" name="test_validate_rule_enriched_endpoint_returns_enriched_shape" time="0.121" /><testcase classname="tests.api.test_rules_endpoint" name="test_reusable_filters_round_trip" time="0.128" /><testcase classname="tests.api.test_rules_endpoint" name="test_reusable_filter_rejects_invalid_expression" time="0.127" /><testcase classname="tests.api.test_rules_endpoint" name="test_reusable_joins_round_trip" time="0.131" /><testcase classname="tests.api.test_rules_endpoint" name="test_delete_missing_reusable_assets_returns_not_found" time="0.126" /><testcase classname="tests.api.test_rules_endpoint" name="test_health_endpoint_returns_ok_with_auth" time="0.124" /><testcase classname="tests.api.test_rules_endpoint" name="test_readiness_endpoint_returns_ready_with_auth" time="0.121" /><testcase classname="tests.api.test_rules_endpoint" name="test_live_endpoint_alias_returns_ok_with_auth" time="0.123" /><testcase classname="tests.api.test_rules_endpoint" name="test_ready_endpoint_alias_returns_ready_with_auth" time="0.122" /><testcase classname="tests.api.test_rules_endpoint_focus" name="test_get_rule_uses_use_case_and_resolver[asyncio]" time="0.001" /><testcase classname="tests.api.test_rules_endpoint_focus" name="test_list_rules_endpoint_paginates_repository_rows[asyncio]" time="0.001" /><testcase classname="tests.api.test_rules_endpoint_focus" name="test_list_rules_normalizes_check_type_contract_fields[asyncio]" time="0.001" /><testcase classname="tests.api.test_rules_endpoint_focus" name="test_get_rule_exposes_check_type_fields_in_rule_view[asyncio]" time="0.001" /><testcase classname="tests.api.test_rules_endpoint_focus" name="test_versions_endpoints_return_payload_and_404[asyncio]" time="0.001" /><testcase classname="tests.api.test_rules_endpoint_focus" name="test_rollback_rule_validation_and_exception_mapping[asyncio]" time="0.001" /><testcase classname="tests.api.test_rules_endpoint_focus" name="test_patch_endpoints_for_tags_and_mark[asyncio]" time="0.001" /><testcase classname="tests.api.test_rules_endpoint_focus" name="test_create_rule_with_check_type_generates_expression_and_persists_fields[asyncio]" time="0.002" /><testcase classname="tests.api.test_rules_endpoint_focus" name="test_create_rule_join_consistency_resolves_contract_tolerance_and_persists_fields[asyncio]" time="0.002" /><testcase classname="tests.api.test_rules_endpoint_focus" name="test_update_rule_with_check_type_generates_expression_and_persists_fields[asyncio]" time="0.002" /><testcase classname="tests.api.test_rules_endpoint_focus" name="test_update_rule_join_consistency_rejects_non_temporal_actuality_attribute[asyncio]" time="0.002" /><testcase classname="tests.api.test_rules_endpoint_focus" name="test_create_with_check_type_params_round_trips_into_validate_without_errors[asyncio]" time="0.002" /><testcase classname="tests.api.test_rules_endpoint_focus" name="test_create_rule_with_string_range_generates_quoted_bounds[asyncio]" time="0.001" /><testcase classname="tests.api.test_rules_endpoint_focus" name="test_create_join_consistency_round_trips_into_validate_without_errors[asyncio]" time="0.002" /><testcase classname="tests.api.test_rules_endpoint_focus" name="test_create_rule_join_consistency_surfaces_openmetadata_lookup_error[asyncio]" time="0.001" /><testcase classname="tests.api.test_rules_endpoint_focus" name="test_create_rule_join_consistency_rejects_cross_dataset_versions[asyncio]" time="0.001" /><testcase classname="tests.api.test_rules_endpoint_focus" name="test_create_rule_join_consistency_rejects_override_when_contract_disallows[asyncio]" time="0.001" /><testcase classname="tests.api.test_rules_endpoint_focus" name="test_create_rule_join_consistency_rejects_override_above_contract_max[asyncio]" time="0.002" /><testcase classname="tests.api.test_rules_endpoint_focus" name="test_create_rule_join_consistency_accepts_override_within_contract_bound[asyncio]" time="0.002" /><testcase classname="tests.api.test_rules_endpoint_focus" name="test_create_rule_preserves_manual_expression_when_generated_is_false[asyncio]" time="0.002" /><testcase classname="tests.api.test_rules_endpoint_focus" name="test_update_rule_preserves_manual_expression_when_generated_is_false[asyncio]" time="0.001" /><testcase classname="tests.api.test_rules_endpoint_focus" name="test_create_rule_rejects_manual_override_without_confirmation[asyncio]" time="0.001" /><testcase classname="tests.api.test_rules_endpoint_focus" name="test_update_rule_rejects_manual_override_without_confirmation[asyncio]" time="0.001" /><testcase classname="tests.api.test_rules_endpoint_focus" name="test_update_rule_rejects_changes_for_approved_version[asyncio]" time="0.001" /><testcase classname="tests.api.test_rules_endpoint_focus" name="test_update_rule_allows_changes_for_unapproved_version[asyncio]" time="0.001" /><testcase classname="tests.api.test_rules_endpoint_focus" name="test_update_rule_uses_request_workspace_when_existing_rule_has_no_workspace[asyncio]" time="0.001" /><testcase classname="tests.api.test_rules_endpoint_focus" name="test_create_rule_requires_workspace[asyncio]" time="0.001" /><testcase classname="tests.api.test_rules_endpoint_focus" name="test_update_rule_requires_workspace_when_missing_from_request_and_entity[asyncio]" time="0.001" /><testcase classname="tests.api.test_rules_endpoint_focus" name="test_activate_rule_rejects_transition_when_not_approved[asyncio]" time="0.001" /><testcase classname="tests.api.test_rules_endpoint_focus" name="test_activate_rule_allows_transition_from_approved[asyncio]" time="0.001" /><testcase classname="tests.api.test_rules_endpoint_focus" name="test_gx_auto_publish_allocates_next_suite_version_when_existing_history[asyncio]" time="0.001" /><testcase classname="tests.api.test_rules_endpoint_focus" name="test_gx_auto_publish_uses_requested_suite_version_when_no_existing_history[asyncio]" time="0.001" /><testcase classname="tests.api.test_rules_endpoint_focus" name="test_gx_auto_publish_attaches_row_condition_to_expanded_expectation_type[asyncio]" time="2.023" /><testcase classname="tests.api.test_rules_endpoint_focus" name="test_gx_auto_publish_builds_join_pair_contract_for_referential_integrity[asyncio]" time="0.001" /><testcase classname="tests.api.test_rules_endpoint_focus" name="test_gx_auto_publish_builds_join_pair_contract_for_join_consistency[asyncio]" time="0.001" /><testcase classname="tests.api.test_rules_endpoint_mapping_focus" name="test_threshold_default_and_cache_ttl_resolution" time="0.000" /><testcase classname="tests.api.test_rules_endpoint_mapping_focus" name="test_referential_integrity_version_mapping_validates_inputs" time="0.000" /><testcase classname="tests.api.test_rules_endpoint_mapping_focus" name="test_join_consistency_contract_mapping_validates_versions_and_datasets[asyncio]" time="0.003" /><testcase classname="tests.api.test_rules_endpoint_mapping_focus" name="test_join_consistency_contract_mapping_validates_attributes_and_temporal_types[asyncio]" time="0.003" /><testcase classname="tests.api.test_rules_endpoint_mapping_focus" name="test_join_consistency_contract_mapping_applies_contract_policy_and_override_bounds[asyncio]" time="0.003" /><testcase classname="tests.api.test_rules_endpoint_mapping_focus" name="test_join_consistency_contract_mapping_maps_resolver_errors_and_defaults[asyncio]" time="0.002" /><testcase classname="tests.api.test_rules_endpoint_mapping_focus" name="test_helper_primitives_in_rules_endpoint" time="0.000" /><testcase classname="tests.api.test_rules_endpoint_mapping_focus" name="test_validate_rule_check_type_params_normalizes_extended_payloads" time="0.002" /><testcase classname="tests.api.test_rules_snake_aliasing" name="test_rule_mutation_accepts_snake_case" time="0.000" /><testcase classname="tests.api.test_rules_snake_aliasing" name="test_gx_auto_publish_accepts_snake_case" time="0.000" /><testcase classname="tests.api.test_shared_schemas" name="test_pagination_models_validate" time="0.000" /><testcase classname="tests.api.test_shared_schemas" name="test_problem_details_model_validate" time="0.000" /><testcase classname="tests.api.test_snake_alias_batch1" name="test_rule_view_aliasing" time="0.000" /><testcase classname="tests.api.test_snake_alias_batch1" name="test_batch_test_request_view_aliasing" time="0.000" /><testcase classname="tests.api.test_snake_alias_batch1" name="test_approval_view_aliasing" time="0.000" /><testcase classname="tests.api.test_snake_alias_batch1" name="test_login_response_view_aliasing" time="0.000" /><testcase classname="tests.api.test_snake_alias_batch2" name="test_gx_artifact_envelope_aliasing" time="0.000" /><testcase classname="tests.api.test_snake_alias_batch2" name="test_gx_retrieval_query_validation" time="0.000" /><testcase classname="tests.api.test_snake_aliasing" name="test_demo_endpoint_returns_snake_case" time="0.127" /><testcase classname="tests.api.test_status_governance_endpoint" name="test_status_model_for_rule_returns_values_and_transitions[asyncio]" time="0.001" /><testcase classname="tests.api.test_status_governance_endpoint" name="test_status_model_filters_allowed_transitions_by_scope[asyncio]" time="0.001" /><testcase classname="tests.api.test_status_governance_endpoint" name="test_status_model_rejects_unknown_entity[asyncio]" time="0.001" /><testcase classname="tests.api.test_status_governance_endpoint" name="test_status_model_for_approval_returns_values_and_transitions[asyncio]" time="0.001" /><testcase classname="tests.api.test_status_governance_policy_config" name="test_put_app_config_updates_status_transition_policy" time="0.131" /><testcase classname="tests.api.test_status_governance_policy_config" name="test_put_app_config_rejects_unknown_status_governance_keys" time="0.132" /><testcase classname="tests.api.test_suggestions_endpoints" name="test_suggestions_fail_fast_without_database" time="0.129" /><testcase classname="tests.api.test_suggestions_endpoints" name="test_suggestions_list_returns_snake_case_contract" time="0.131" /><testcase classname="tests.api.test_suggestions_endpoints" name="test_request_profiling_returns_rate_limit_payload" time="0.128" /><testcase classname="tests.api.test_suggestions_endpoints" name="test_apply_suggestion_accepts_snake_case_rule_id" time="0.132" /><testcase classname="tests.api.test_suggestions_endpoints" name="test_suggestions_helpers_cover_conversion_and_scope" time="0.000" /><testcase classname="tests.api.test_suggestions_endpoints" name="test_postgres_repository_list_helpers_map_rows" time="0.001" /><testcase classname="tests.api.test_suggestions_endpoints" name="test_postgres_list_suggestions_without_optional_filters" time="0.000" /><testcase classname="tests.api.test_suggestions_endpoints" name="test_postgres_request_profiling_branches" time="0.001" /><testcase classname="tests.api.test_suggestions_endpoints" name="test_postgres_update_status_and_profiling_status_and_clear_metrics" time="0.001" /><testcase classname="tests.api.test_suggestions_endpoints" name="test_suggestions_endpoints_cover_remaining_auth_and_paths" time="0.146" /><testcase classname="tests.api.test_support_requests_endpoint" name="test_support_request_email_only_sends_smtp_email_and_reference_id" time="0.262" /><testcase classname="tests.api.test_support_requests_endpoint" name="test_support_request_email_requires_smtp_configuration" time="0.267" /><testcase classname="tests.api.test_support_requests_endpoint" name="test_support_request_routes_to_teams_and_itsm" time="0.224" /><testcase classname="tests.api.test_support_requests_endpoint" name="test_support_request_resolves_requester_email_from_claims" time="0.222" /><testcase classname="tests.api.test_support_requests_endpoint" name="test_support_request_itsm_requires_configured_system" time="0.198" /><testcase classname="tests.api.test_support_requests_endpoint" name="test_support_request_itsm_requires_zammad_api_token" time="0.198" /><testcase classname="tests.api.test_system_endpoint" name="test_system_info_is_public" time="0.131" /><testcase classname="tests.api.test_system_endpoint" name="test_system_info_returns_expected_shape" time="0.130" /><testcase classname="tests.api.test_system_endpoint" name="test_version_catalog_is_public_and_returns_expected_shape" time="0.129" /><testcase classname="tests.api.test_system_endpoint" name="test_suggestions_metrics_returns_expected_shape" time="0.131" /><testcase classname="tests.api.test_system_endpoint" name="test_api_metrics_applies_query_filters" time="0.134" /><testcase classname="tests.api.test_test_data_materializations" name="test_materialization_reuses_existing_output[asyncio]" time="0.002" /><testcase classname="tests.api.test_test_data_materializations" name="test_materialization_refresh_enqueues_job[asyncio]" time="0.001" /><testcase classname="tests.api.test_test_data_materializations" name="test_materialization_rejects_unknown_selected_attributes[asyncio]" time="0.001" /><testcase classname="tests.api.test_test_data_materializations" name="test_register_materialized_delivery_completion_persists_note[asyncio]" time="0.001" /><testcase classname="tests.api.test_test_data_materializations" name="test_materialization_completion_callback_creates_retrievable_delivery_note" time="0.139" /><testcase classname="tests.api.test_test_data_materializations" name="test_generic_materialization_request_routes_work" time="0.136" /><testcase classname="tests.api.test_test_data_materializations" name="test_generic_materialization_request_reuses_existing_outputs_for_all_targets" time="0.128" /><testcase classname="tests.api.test_test_data_materializations" name="test_generic_materialization_completion_route_creates_retrievable_delivery_note" time="0.139" /><testcase classname="tests.api.test_test_data_materializations" name="test_resolve_catalog_materialization_selection_supports_product_set_object_and_version" time="0.001" /><testcase classname="tests.api.test_test_data_materializations" name="test_resolve_catalog_materialization_selection_rejects_invalid_or_ambiguous_selectors" time="0.000" /><testcase classname="tests.api.test_testing_endpoint" name="test_batch_test_requests_requires_test_scope" time="0.119" /><testcase classname="tests.api.test_testing_endpoint" name="test_batch_test_requests_list_returns_seeded_rows" time="0.123" /><testcase classname="tests.api.test_testing_endpoint" name="test_batch_test_request_by_id_defaults_to_null" time="0.133" /><testcase classname="tests.api.test_testing_endpoint" name="test_create_batch_test_request_returns_items" time="0.127" /><testcase classname="tests.api.test_testing_endpoint" name="test_create_batch_test_request_requires_test_scope" time="0.122" /><testcase classname="tests.api.test_testing_endpoint" name="test_run_batch_test_request_returns_running_status" time="0.124" /><testcase classname="tests.api.test_testing_endpoint" name="test_run_batch_test_request_includes_scheduler_handoff_for_existing_request" time="0.129" /><testcase classname="tests.api.test_testing_endpoint" name="test_run_batch_test_request_persists_running_status_for_existing_request" time="0.132" /><testcase classname="tests.api.test_testing_endpoint" name="test_run_batch_test_request_persists_failed_status_for_forced_failure" time="0.130" /><testcase classname="tests.api.test_testing_endpoint" name="test_run_batch_test_request_requires_test_scope" time="0.121" /><testcase classname="tests.api.test_testing_endpoint" name="test_generate_test_data_for_version_returns_payload" time="0.122" /><testcase classname="tests.api.test_testing_endpoint" name="test_generate_test_data_for_version_requires_test_scope" time="0.120" /><testcase classname="tests.api.test_testing_endpoint" name="test_test_rule_with_data_returns_execution_summary" time="0.123" /><testcase classname="tests.api.test_testing_endpoint" name="test_test_rule_with_data_prefers_compiled_artifact_after_validate" time="0.126" /><testcase classname="tests.api.test_testing_endpoint" name="test_test_rule_with_data_requires_test_scope" time="0.120" /><testcase classname="tests.api.test_testing_endpoint" name="test_log_test_action_returns_proof_payload" time="0.123" /><testcase classname="tests.api.test_testing_endpoint" name="test_log_test_action_requires_test_scope" time="0.123" /><testcase classname="tests.api.test_testing_endpoint" name="test_test_rule_with_generated_data_returns_execution_summary" time="0.126" /><testcase classname="tests.api.test_testing_endpoint" name="test_start_rule_test_with_generated_data_persists_pending_proof" time="0.128" /><testcase classname="tests.api.test_testing_endpoint" name="test_test_rule_with_generated_data_persists_failed_proof_when_generation_times_out" time="0.132" /><testcase classname="tests.api.test_testing_endpoint" name="test_start_rule_test_with_generated_data_fails_when_active_compiler_artifact_missing" time="0.122" /><testcase classname="tests.api.test_testing_endpoint" name="test_start_rule_test_with_generated_data_succeeds_for_freshly_validated_rule" time="0.139" /><testcase classname="tests.api.test_testing_endpoint" name="test_test_rule_with_generated_data_requires_test_scope" time="0.120" /><testcase classname="tests.api.test_testing_endpoint" name="test_test_proofs_returns_rows" time="0.125" /><testcase classname="tests.api.test_testing_endpoint" name="test_test_proofs_exposes_persisted_execution_trace" time="0.126" /><testcase classname="tests.api.test_testing_endpoint" name="test_log_test_action_persists_metrics_and_diagnostics" time="0.125" /><testcase classname="tests.api.test_testing_endpoint" name="test_test_proofs_list_includes_metrics_and_diagnostics" time="0.130" /><testcase classname="tests.api.test_testing_endpoint" name="test_test_proofs_requires_test_scope" time="0.119" /><testcase classname="tests.api.test_testing_endpoint_helpers_focus" name="test_extract_selected_attributes_and_failure_analysis" time="0.000" /><testcase classname="tests.api.test_testing_endpoint_helpers_focus" name="test_paginate_scheduler_payload_and_markdown_pdf_helpers" time="0.002" /><testcase classname="tests.api.test_testing_endpoint_helpers_focus" name="test_resolve_version_generation_payload_and_mock_preview_attributes" time="0.001" /><testcase classname="tests.api.test_testing_endpoint_helpers_focus" name="test_render_version_diff_and_markdown_report" time="0.001" /><testcase classname="tests.api.test_testing_endpoint_helpers_focus" name="test_resolve_current_rule_version_and_build_execution_context" time="0.001" /><testcase classname="tests.api.test_testing_endpoint_helpers_focus" name="test_build_execution_context_raises_when_active_compiler_artifact_missing" time="0.001" /><testcase classname="tests.api.test_testing_endpoint_helpers_focus" name="test_export_test_proof_report_raises_when_no_proofs[asyncio]" time="0.001" /><testcase classname="tests.api.test_testing_endpoint_helpers_focus" name="test_generate_test_data_for_version_uses_completed_queue_result[asyncio]" time="0.001" /><testcase classname="tests.api.test_testing_endpoint_helpers_focus" name="test_test_rule_with_generated_data_uses_queued_samples[asyncio]" time="0.001" /><testcase classname="tests.api.test_testing_endpoint_helpers_focus" name="test_export_test_proof_report_raises_when_proof_id_missing[asyncio]" time="0.001" /><testcase classname="tests.api.test_testing_endpoint_helpers_focus" name="test_export_test_proof_report_returns_markdown_and_pdf[asyncio]" time="0.003" /><testcase classname="tests.api.test_testing_endpoint_helpers_focus" name="test_export_test_proof_report_handles_compare_and_expression_errors[asyncio]" time="0.002" /><testcase classname="tests.api.test_ui_endpoint_contract" name="test_ui_validate_rule_calls_have_fastapi_route" time="0.031" /><testcase classname="tests.api.test_ui_endpoint_contract_all" name="test_all_ui_fetch_routes_exist_or_are_explicitly_pending" time="0.246" /><testcase classname="tests.api.test_validation_batch_endpoints" name="test_batch_validate_requires_bearer_token" time="0.124" /><testcase classname="tests.api.test_validation_batch_endpoints" name="test_batch_validate_requires_write_scope" time="0.124" /><testcase classname="tests.api.test_validation_batch_endpoints" name="test_batch_validate_rejects_empty_rule_ids" time="0.124" /><testcase classname="tests.api.test_validation_batch_endpoints" name="test_batch_validate_rejects_more_than_100_rules" time="0.122" /><testcase classname="tests.api.test_validation_batch_endpoints" name="test_batch_validate_returns_expected_shape" time="0.125" /><testcase classname="tests.api.test_validation_batch_endpoints" name="test_batch_validate_valid_rule_reports_no_errors" time="0.124" /><testcase classname="tests.api.test_validation_batch_endpoints" name="test_batch_validate_warning_only_rule_preserves_compiler_diagnostics" time="0.126" /><testcase classname="tests.api.test_validation_batch_endpoints" name="test_batch_validate_not_found_rule_returns_error_result" time="0.123" /><testcase classname="tests.api.test_validation_batch_endpoints" name="test_batch_validate_run_id_is_unique_per_call" time="0.133" /><testcase classname="tests.api.test_validation_run_endpoints" name="test_list_validation_runs_requires_auth" time="0.124" /><testcase classname="tests.api.test_validation_run_endpoints" name="test_list_validation_runs_returns_paginated_shape" time="0.131" /><testcase classname="tests.api.test_validation_run_endpoints" name="test_list_validation_runs_respects_limit_param" time="0.126" /><testcase classname="tests.api.test_validation_run_endpoints" name="test_get_validation_run_returns_404_for_unknown_id" time="0.126" /><testcase classname="tests.api.test_validation_run_endpoints" name="test_batch_run_appears_in_run_history" time="0.148" /><testcase classname="tests.api.test_validation_run_endpoints" name="test_get_run_by_id_returns_run_detail" time="0.262" /><testcase classname="tests.api.test_validation_run_endpoints" name="test_export_run_json_returns_json_file" time="0.140" /><testcase classname="tests.api.test_validation_run_endpoints" name="test_export_run_csv_returns_csv_file" time="0.149" /><testcase classname="tests.api.test_validation_run_endpoints" name="test_export_unknown_run_returns_404" time="0.135" /><testcase classname="tests.api.test_validation_run_endpoints" name="test_export_rejects_invalid_format" time="0.139" /><testcase classname="tests.api.test_validation_runs_pagination_helper" name="test_paginate_runs_clamps_negative_page_and_limit" time="0.000" /><testcase classname="tests.api.test_validation_runs_pagination_helper" name="test_paginate_runs_caps_limit_and_reports_previous_page" time="0.000" /><testcase classname="tests.api.test_validation_runs_pagination_helper" name="test_paginate_runs_handles_empty_rows" time="0.000" /><testcase classname="tests.api.test_workspaces_endpoints" name="test_workspaces_requires_auth" time="0.122" /><testcase classname="tests.api.test_workspaces_endpoints" name="test_workspaces_returns_paginated_data" time="0.149" /><testcase classname="tests.api.test_workspaces_endpoints" name="test_workspaces_create_requires_manage_scope" time="0.230" /><testcase classname="tests.api.test_workspaces_endpoints" name="test_workspaces_create_and_update_and_delete_flow" time="0.152" /><testcase classname="tests.api.test_workspaces_endpoints" name="test_workspaces_update_and_delete_not_found" time="0.135" /><testcase classname="tests.api.test_workspaces_endpoints" name="test_workspaces_delete_default_is_blocked" time="0.130" /><testcase classname="tests.application.resolvers.test_rule_resolver" name="test_resolve_rule_view_enriches_created_by_and_tags" time="0.002" /><testcase classname="tests.application.services.test_check_type_expression_generator" name="test_generate_regex_expression_without_flags" time="0.000" /><testcase classname="tests.application.services.test_check_type_expression_generator" name="test_generate_regex_expression_with_flags" time="0.000" /><testcase classname="tests.application.services.test_check_type_expression_generator" name="test_generate_regex_expression_requires_attribute" time="0.000" /><testcase classname="tests.application.services.test_check_type_expression_generator" name="test_generate_regex_expression_requires_pattern" time="0.000" /><testcase classname="tests.application.services.test_check_type_expression_generator" name="test_generate_range_expression_inclusive_bounds" time="0.000" /><testcase classname="tests.application.services.test_check_type_expression_generator" name="test_generate_range_expression_exclusive_bounds" time="0.000" /><testcase classname="tests.application.services.test_check_type_expression_generator" name="test_generate_range_expression_with_only
[...]
issing" time="0.000" /><testcase classname="tests.infrastructure.unit.repositories.postgres.test_me_repository" name="test_get_current_user_returns_serialized_entity" time="0.001" /><testcase classname="tests.infrastructure.unit.repositories.postgres.test_me_repository" name="test_update_current_user_returns_none_when_missing" time="0.000" /><testcase classname="tests.infrastructure.unit.repositories.postgres.test_me_repository" name="test_update_current_user_updates_and_returns_refreshed" time="0.001" /><testcase classname="tests.infrastructure.unit.repositories.postgres.test_me_repository" name="test_update_current_user_raises_when_row_not_updated" time="0.001" /><testcase classname="tests.infrastructure.unit.repositories.postgres.test_me_repository" name="test_user_row_to_dict_maps_fields" time="0.000" /><testcase classname="tests.infrastructure.unit.repositories.postgres.test_postgres_repository_internals_focus" name="test_orm_session_normalize_database_url_and_compile_positional_query" time="0.000" /><testcase classname="tests.infrastructure.unit.repositories.postgres.test_postgres_repository_internals_focus" name="test_postgres_admin_repository_preference_and_workspace_helpers" time="0.000" /><testcase classname="tests.infrastructure.unit.repositories.postgres.test_postgres_repository_internals_focus" name="test_postgres_admin_repository_update_current_user_raises_when_write_not_persisted" time="0.000" /><testcase classname="tests.infrastructure.unit.repositories.postgres.test_postgres_repository_internals_focus" name="test_postgres_admin_repository_assert_workspace_capacity_enforced" time="0.000" /><testcase classname="tests.infrastructure.unit.repositories.postgres.test_postgres_repository_internals_focus" name="test_postgres_data_catalog_add_rule_attributes_continues_on_exception" time="0.000" /><testcase classname="tests.infrastructure.unit.repositories.postgres.test_postgres_repository_internals_focus" name="test_postgres_data_catalog_to_text_additional_types" time="0.000" /><testcase classname="tests.infrastructure.unit.repositories.postgres.test_postgres_repository_internals_focus" name="test_postgres_testing_repository_matcher_fallback_and_type_guards" time="0.000" /><testcase classname="tests.infrastructure.unit.repositories.postgres.test_postgres_repository_internals_focus" name="test_postgres_testing_repository_store_test_proof_zero_records" time="0.000" /><testcase classname="tests.infrastructure.unit.repositories.postgres.test_postgres_repository_internals_focus" name="test_postgres_testing_repository_get_batch_request_maps_optional_proof_id" time="0.000" /><testcase classname="tests.infrastructure.unit.repositories.postgres.test_postgres_repository_internals_focus" name="test_postgres_app_config_get_parses_number_and_false_boolean" time="0.000" /><testcase classname="tests.infrastructure.unit.repositories.postgres.test_postgres_repository_internals_focus" name="test_postgres_app_config_set_accepts_snake_case_keys" time="0.002" /><testcase classname="tests.infrastructure.unit.repositories.postgres.test_postgres_repository_internals_focus" name="test_postgres_app_config_fetch_all_maps_rows_from_session" time="0.000" /><testcase classname="tests.infrastructure.unit.repositories.postgres.test_postgres_repository_internals_focus" name="test_postgres_app_config_upsert_executes_statement_and_commits" time="0.000" /><testcase classname="tests.infrastructure.unit.repositories.postgres.test_postgres_repository_internals_focus" name="test_postgres_app_config_infer_type_and_json_passthrough" time="0.000" /><testcase classname="tests.infrastructure.unit.repositories.postgres.test_postgres_repository_internals_focus" name="test_postgres_data_catalog_lists_objects_catalog_and_attributes" time="0.001" /><testcase classname="tests.infrastructure.unit.repositories.postgres.test_postgres_repository_internals_focus" name="test_postgres_data_catalog_list_data_deliveries_without_version_filter" time="0.000" /><testcase classname="tests.infrastructure.unit.repositories.postgres.test_postgres_repository_internals_focus" name="test_postgres_testing_repository_lists_batch_requests_without_filters" time="0.000" /><testcase classname="tests.infrastructure.unit.repositories.postgres.test_postgres_repository_internals_focus" name="test_postgres_testing_repository_list_test_proofs_failed_status" time="0.000" /><testcase classname="tests.infrastructure.unit.repositories.postgres.test_rules_repository_postgres" name="test_list_rules_maps_rows" time="0.001" /><testcase classname="tests.infrastructure.unit.repositories.postgres.test_rules_repository_postgres" name="test_get_rule_by_id_maps_entity" time="0.001" /><testcase classname="tests.infrastructure.unit.repositories.postgres.test_rules_repository_postgres" name="test_get_user_by_id_maps_rule_creator" time="0.001" /><testcase classname="tests.infrastructure.unit.repositories.postgres.test_rules_repository_postgres" name="test_list_rule_versions_maps_postgres_rows" time="0.001" /><testcase classname="tests.infrastructure.unit.repositories.postgres.test_rules_repository_postgres" name="test_get_rule_version_maps_postgres_detail" time="0.001" /><testcase classname="tests.infrastructure.unit.repositories.postgres.test_rules_repository_postgres" name="test_get_rule_by_id_returns_none_when_missing" time="0.001" /><testcase classname="tests.infrastructure.unit.repositories.postgres.test_rules_repository_postgres" name="test_create_rule_adds_only_non_empty_unique_reusable_filters" time="0.001" /><testcase classname="tests.infrastructure.unit.repositories.postgres.test_rules_repository_postgres" name="test_update_rule_returns_none_when_missing" time="0.001" /><testcase classname="tests.infrastructure.unit.repositories.postgres.test_rules_repository_postgres" name="test_update_rule_replaces_existing_filter_links" time="0.001" /><testcase classname="tests.infrastructure.unit.repositories.postgres.test_rules_repository_postgres" name="test_activate_rule_returns_none_when_missing" time="0.001" /><testcase classname="tests.infrastructure.unit.repositories.postgres.test_rules_repository_postgres" name="test_save_rule_as_template_returns_none_when_source_missing" time="0.001" /><testcase classname="tests.infrastructure.unit.repositories.postgres.test_rules_repository_postgres" name="test_list_rule_versions_returns_none_when_rule_missing" time="0.001" /><testcase classname="tests.infrastructure.unit.repositories.postgres.test_rules_repository_postgres" name="test_get_rule_version_returns_none_when_missing" time="0.001" /><testcase classname="tests.infrastructure.unit.repositories.postgres.test_rules_repository_postgres" name="test_upsert_active_compiler_artifact_creates_new_internal_revision" time="0.001" /><testcase classname="tests.infrastructure.unit.repositories.postgres.test_rules_repository_postgres" name="test_upsert_active_compiler_artifact_raises_for_missing_rule_version" time="0.001" /><testcase classname="tests.infrastructure.unit.repositories.postgres.test_rules_repository_postgres" name="test_get_and_list_compiler_artifacts_map_payload" time="0.001" /><testcase classname="tests.infrastructure.unit.repositories.postgres.test_rules_repository_postgres" name="test_get_rule_rollback_history_returns_none_when_rule_missing" time="0.001" /><testcase classname="tests.infrastructure.unit.repositories.postgres.test_rules_repository_postgres" name="test_compare_rule_versions_returns_none_when_missing_version" time="0.001" /><testcase classname="tests.infrastructure.unit.repositories.postgres.test_rules_repository_postgres" name="test_compare_rule_versions_collects_field_and_tag_changes" time="0.001" /><testcase classname="tests.infrastructure.unit.repositories.postgres.test_rules_repository_postgres" name="test_get_rule_version_statistics_returns_none_when_rule_missing" time="0.001" /><testcase classname="tests.infrastructure.unit.repositories.postgres.test_rules_repository_postgres" name="test_get_rule_version_statistics_aggregates_counts" time="0.001" /><testcase classname="tests.infrastructure.unit.repositories.postgres.test_rules_repository_postgres" name="test_execute_rule_rollback_returns_none_when_rule_missing" time="0.001" /><testcase classname="tests.infrastructure.unit.repositories.postgres.test_rules_repository_postgres" name="test_execute_rule_rollback_rejects_invalid_states" time="0.001" /><testcase classname="tests.infrastructure.unit.repositories.postgres.test_rules_repository_postgres" name="test_execute_rule_rollback_rejects_missing_target" time="0.001" /><testcase classname="tests.infrastructure.unit.repositories.postgres.test_rules_repository_postgres" name="test_execute_rule_rollback_success_uses_fallback_timestamp" time="0.001" /><testcase classname="tests.infrastructure.unit.repositories.postgres.test_rules_repository_postgres" name="test_update_rule_version_tags_and_mark_for_rollback_none_paths" time="0.001" /><testcase classname="tests.infrastructure.unit.repositories.postgres.test_rules_repository_postgres" name="test_reusable_asset_delete_branches" time="0.002" /><testcase classname="tests.infrastructure.unit.repositories.postgres.test_rules_repository_postgres" name="test_helper_branches_for_username_tags_and_lookup_loading" time="0.001" /><testcase classname="tests.infrastructure.unit.repositories.postgres.test_rules_repository_postgres" name="test_to_rule_entity_created_by_fallback" time="0.000" /><testcase classname="tests.infrastructure.unit.repositories.postgres.test_rules_repository_postgres" name="test_activate_deactivate_and_save_template_success_paths" time="0.002" /><testcase classname="tests.infrastructure.unit.repositories.postgres.test_rules_repository_postgres" name="test_soft_delete_and_recover_rule_success_paths" time="0.001" /><testcase classname="tests.infrastructure.unit.repositories.postgres.test_rules_repository_postgres" name="test_soft_delete_rule_requires_deactivated_state" time="0.001" /><testcase classname="tests.infrastructure.unit.repositories.postgres.test_rules_repository_postgres" name="test_record_rule_status_transition_updates_rule_row" time="0.001" /><testcase classname="tests.infrastructure.unit.repositories.postgres.test_rules_repository_postgres" name="test_get_rule_rollback_history_success_path" time="0.001" /><testcase classname="tests.infrastructure.unit.repositories.postgres.test_rules_repository_postgres" name="test_update_tags_and_mark_for_rollback_success_paths" time="0.001" /><testcase classname="tests.infrastructure.unit.repositories.postgres.test_rules_repository_postgres" name="test_set_current_rule_version_validation_variants" time="0.002" /><testcase classname="tests.infrastructure.unit.repositories.postgres.test_rules_repository_postgres" name="test_compiler_artifact_and_reusable_assets_success_paths" time="0.003" /><testcase classname="tests.infrastructure.unit.repositories.postgres.test_rules_repository_postgres" name="test_get_user_and_json_parse_fallback_paths" time="0.001" /><testcase classname="tests.infrastructure.unit.repositories.postgres.test_system_repository" name="test_postgres_system_repository_parses_info_map" time="0.000" /><testcase classname="tests.infrastructure.unit.repositories.postgres.test_system_repository" name="test_system_dependency_uses_in_memory_without_database" time="0.118" /><testcase classname="tests.infrastructure.unit.repositories.postgres.test_system_repository" name="test_system_dependency_uses_postgres_with_database" time="0.119" /><testcase classname="tests.infrastructure.unit.repositories.postgres.test_system_repository_focus" name="test_fetch_all_maps_system_info_rows" time="0.001" /><testcase classname="tests.infrastructure.unit.repositories.postgres.test_system_repository_focus" name="test_get_system_info_defaults_for_missing_fields" time="0.000" /><testcase classname="tests.infrastructure.unit.repositories.postgres.test_system_repository_focus" name="test_get_suggestions_metrics_summary_aggregates_actions" time="0.000" /><testcase classname="tests.infrastructure.unit.repositories.postgres.test_testing_repository" name="test_generate_test_data_for_missing_version" time="0.000" /><testcase classname="tests.infrastructure.unit.repositories.postgres.test_testing_repository" name="test_generate_test_data_for_version_maps_attributes" time="0.001" /><testcase classname="tests.infrastructure.unit.repositories.postgres.test_testing_repository" name="test_run_rule_against_test_data_evaluates_expression" time="0.001" /><testcase classname="tests.infrastructure.unit.repositories.postgres.test_testing_repository" name="test_run_rule_against_test_data_evaluates_regexp_matches_expression" time="0.001" /><testcase classname="tests.infrastructure.unit.repositories.postgres.test_testing_repository" name="test_run_rule_against_test_data_applies_threshold_rule_pass_logic" time="0.001" /><testcase classname="tests.infrastructure.unit.repositories.postgres.test_testing_repository" name="test_run_rule_against_test_data_prefers_current_version_threshold_snapshot" time="0.001" /><testcase classname="tests.infrastructure.unit.repositories.postgres.test_testing_repository" name="test_run_rule_with_generated_data_delegates" time="0.000" /><testcase classname="tests.infrastructure.unit.repositories.postgres.test_testing_repository" name="test_store_test_proof_computes_success_rate" time="0.000" /><testcase classname="tests.infrastructure.unit.repositories.postgres.test_testing_repository" name="test_create_batch_test_requests_sets_defaults" time="0.000" /><testcase classname="tests.infrastructure.unit.repositories.postgres.test_testing_repository" name="test_list_batch_test_requests_maps_rows" time="0.001" /><testcase classname="tests.infrastructure.unit.repositories.postgres.test_testing_repository" name="test_get_batch_test_request_returns_none_when_missing" time="0.000" /><testcase classname="tests.infrastructure.unit.repositories.postgres.test_testing_repository" name="test_get_batch_test_request_maps_row" time="0.000" /><testcase classname="tests.infrastructure.unit.repositories.postgres.test_testing_repository" name="test_run_batch_test_request_updates_pending_row" time="0.000" /><testcase classname="tests.infrastructure.unit.repositories.postgres.test_testing_repository" name="test_run_batch_test_request_sets_failed_status_for_runtime_error" time="0.000" /><testcase classname="tests.infrastructure.unit.repositories.postgres.test_testing_repository" name="test_run_batch_test_request_uses_executor_supplied_error_metadata" time="0.000" /><testcase classname="tests.infrastructure.unit.repositories.postgres.test_testing_repository" name="test_list_test_proofs_maps_rows" time="0.001" /><testcase classname="tests.infrastructure.unit.repositories.postgres.test_testing_repository" name="test_matcher_and_helpers" time="0.000" /><testcase classname="tests.infrastructure.unit.repositories.postgres.test_testing_repository" name="test_run_rule_against_test_data_surfaces_non_executable_expression_warning" time="0.001" /><testcase classname="tests.infrastructure.unit.repositories.postgres.test_validation_run_repository_focus" name="test_save_run_writes_parent_and_items_and_returns_serialized" time="0.001" /><testcase classname="tests.infrastructure.unit.repositories.postgres.test_validation_run_repository_focus" name="test_list_runs_filters_and_paginates" time="0.001" /><testcase classname="tests.infrastructure.unit.repositories.postgres.test_validation_run_repository_focus" name="test_get_run_returns_none_when_missing" time="0.001" /><testcase classname="tests.infrastructure.unit.repositories.postgres.test_workspaces_repository_postgres" name="test_postgres_workspaces_repository_crud_mapping_and_limit" time="0.001" /><testcase classname="tests.infrastructure.unit.repositories.postgres.test_workspaces_repository_postgres" name="test_postgres_workspaces_repository_enforces_limit" time="0.000" /><testcase classname="tests.infrastructure.unit.repositories.postgres.test_workspaces_repository_postgres" name="test_postgres_workspaces_repository_update_raises_when_write_fails" time="0.000" /><testcase classname="tests.infrastructure.unit.repositories.postgres.test_workspaces_repository_postgres" name="test_postgres_workspaces_repository_create_raises_when_insert_fails_with_generated_defaults" time="0.000" /><testcase classname="tests.infrastructure.unit.repositories.postgres.test_workspaces_repository_postgres" name="test_postgres_workspaces_repository_update_returns_none_when_missing" time="0.000" /><testcase classname="tests.infrastructure.unit.repositories.postgres.test_workspaces_repository_postgres" name="test_postgres_workspaces_repository_generated_id_uses_timestamp_and_random" time="0.000" /><testcase classname="tests.infrastructure.unit.repositories.postgres.test_workspaces_repository_postgres" name="test_postgres_workspaces_repository_session_read_helpers" time="0.001" /><testcase classname="tests.infrastructure.unit.repositories.postgres.test_workspaces_repository_postgres" name="test_postgres_workspaces_repository_session_write_helpers_cover_rowcount_paths" time="0.001" /><testcase classname="tests.infrastructure.unit.security.test_entity_field_encryptor" name="test_encrypt_and_decrypt_selected_attributes" time="0.000" /><testcase classname="tests.infrastructure.unit.security.test_entity_field_encryptor" name="test_encrypt_and_decrypt_entire_entity" time="0.001" /><testcase classname="tests.infrastructure.unit.security.test_entity_field_encryptor" name="test_from_env_raises_when_encryption_key_is_missing" time="0.000" /><testcase classname="tests.middleware.test_middleware_focus" name="test_correlation_id_middleware_sets_header_and_state[asyncio]" time="0.001" /><testcase classname="tests.middleware.test_middleware_focus" name="test_correlation_id_middleware_generates_when_header_missing[asyncio]" time="0.001" /><testcase classname="tests.middleware.test_middleware_focus" name="test_correlation_id_middleware_returns_trace_header_from_scope[asyncio]" time="0.001" /><testcase classname="tests.middleware.test_middleware_focus" name="test_timing_middleware_sets_elapsed_header[asyncio]" time="0.001" /><testcase classname="tests.middleware.test_middleware_focus" name="test_timing_middleware_records_low_cardinality_metrics[asyncio]" time="0.001" /><testcase classname="tests.middleware.test_middleware_focus" name="test_auth_middleware_unauthorized_when_scope_required_and_no_token[asyncio]" time="0.001" /><testcase classname="tests.middleware.test_middleware_focus" name="test_auth_middleware_forbidden_when_scope_missing[asyncio]" time="0.001" /><testcase classname="tests.middleware.test_middleware_focus" name="test_auth_middleware_allows_request_with_valid_scope_and_clears_context[asyncio]" time="0.001" /><testcase classname="tests.middleware.test_middleware_focus" name="test_require_kong_gateway_blocks_api_direct_calls[asyncio]" time="0.001" /><testcase classname="tests.middleware.test_middleware_focus" name="test_require_kong_gateway_allows_health_endpoints[asyncio]" time="0.001" /><testcase classname="tests.middleware.test_middleware_focus" name="test_auth_middleware_trusted_proxy_allows_request_with_valid_scope[asyncio]" time="0.001" /><testcase classname="tests.middleware.test_middleware_focus" name="test_auth_middleware_accepts_typed_session_entity_from_cookie[asyncio]" time="0.117" /><testcase classname="tests.middleware.test_middleware_focus" name="test_auth_middleware_accepts_typed_session_entity_for_sid_enforcement[asyncio]" time="0.001" /><testcase classname="tests.middleware.test_middleware_focus" name="test_api_case_enforcement_preserves_snake_case_request_bodies[asyncio]" time="0.001" /><testcase classname="tests.middleware.test_middleware_focus" name="test_api_case_enforcement_normalizes_response_to_snake_case[asyncio]" time="0.001" /><testcase classname="tests.middleware.test_middleware_focus" name="test_api_case_enforcement_skips_non_api_paths[asyncio]" time="0.001" /></testsuite></testsuites>