<?xml version="1.0" encoding="utf-8"?><testsuites name="pytest tests"><testsuite name="pytest" errors="0" failures="0" skipped="0" tests="2" time="1.910" timestamp="2026-08-04T12:27:59.653973+02:00" hostname="Me.local"><testcase classname="dq-engine.tests.test_stage_local_csv_to_s3_parquet.TestBuildDqCsvToParquetRunner" name="test_runner_passes_selected_transform_to_shared_stage" time="0.001" /><testcase classname="dq-engine.tests.test_stage_local_csv_to_s3_parquet.TestMain" name="test_main_registers_consumer_runner_and_delegates_to_cli" time="0.001" /></testsuite></testsuites>